52.028245192308
75.901442307692
81.946113782051
84.500200320513
86.393229166667
88.701923076923
88.777043269231
89.453125
89.713541666667
89.723557692308
53.480568910256
76.66266025641
82.306690705128
85.276442307692
86.989182692308
87.755408653846
88.171073717949
90.044070512821
90.184294871795
90.4296875
90.549879807692
52.223557692308
74.373998397436
82.021233974359
84.254807692308
84.985977564103
87.159455128205
87.530048076923
89.728565705128
89.903846153846
90.324519230769
90.229366987179
48.197115384615
76.617588141026
83.183092948718
84.685496794872
86.773838141026
87.675280448718
88.671875
89.418068910256
89.903846153846
89.583333333333
89.658453525641
49.834735576923
77.263621794872
81.019631410256
83.939302884615
86.383213141026
87.259615384615
88.201121794872
88.691907051282
88.96734775641
90.194310897436
91.446314102564
49.303886217949
75.305488782051
82.481971153846
85.371594551282
86.803886217949
87.98577724359
88.301282051282
88.887219551282
89.958934294872
90.670072115385
91.150841346154
53.145032051282
74.053485576923
81.695713141026
85.787259615385
86.403245192308
87.805488782051
87.955729166667
89.342948717949
89.438100961538
90.409655448718
90.494791666667
52.153445512821
76.532451923077
80.974559294872
85.44671474359
86.167868589744
87.965745192308
88.025841346154
89.35296474359
89.388020833333
90.584935897436
90.755208333333
53.961338141026
74.11858974359
82.446915064103
84.239783653846
86.573517628205
87.409855769231
88.857171474359
88.887219551282
89.277844551282
90.174278846154
90.72015224359
48.026842948718
76.061698717949
82.32672275641
85.121193910256
86.253004807692
88.151041666667
88.136017628205
88.696915064103
89.883814102564
89.893830128205
90.790264423077
49.098557692308
78.525641025641
81.505408653846
84.415064102564
87.224559294872
87.570112179487
88.38141025641
88.506610576923
89.578325320513
90.92047275641
90.655048076923
47.991786858974
77.063301282051
83.433493589744
85.827323717949
85.692107371795
87.439903846154
88.8671875
89.738581730769
89.242788461538
90.414663461538
90.264423076923
53.921274038462
73.622796474359
82.366786858974
84.400040064103
87.069310897436
86.648637820513
88.631810897436
88.291266025641
89.287860576923
90.024038461538
90.419671474359
48.222155448718
75.631009615385
84.184695512821
84.134615384615
86.1328125
87.885616987179
88.095953525641
89.007411858974
90.254407051282
89.993990384615
90.434695512821
48.998397435897
76.567508012821
81.4453125
85.677083333333
86.067708333333
87.630208333333
88.8671875
89.413060897436
89.84375
89.913862179487
90.164262820513
51.817908653846
76.352163461538
81.340144230769
85.927483974359
85.707131410256
88.28125
87.414863782051
89.538261217949
89.94391025641
90.389623397436
90.314503205128
50.87640224359
74.654447115385
82.507011217949
83.708934294872
86.508413461538
87.229567307692
88.752003205128
89.618389423077
89.693509615385
90.389623397436
90.680088141026
51.277043269231
74.434094551282
83.097956730769
85.571915064103
86.353165064103
86.598557692308
88.696915064103
88.326322115385
89.963942307692
89.933894230769
90.294471153846
51.166866987179
76.642628205128
81.360176282051
84.725560897436
85.83733974359
86.954126602564
88.521634615385
89.317908653846
89.032451923077
89.973958333333
90.800280448718
49.869791666667
77.233573717949
81.971153846154
85.707131410256
86.573517628205
86.959134615385
88.912259615385
89.042467948718
89.953926282051
90.124198717949
90.940504807692
48.702924679487
75.931490384615
82.512019230769
83.839142628205
86.853966346154
87.730368589744
88.025841346154
89.052483974359
89.538261217949
89.973958333333
90.509815705128
50.856370192308
75.140224358974
80.023036858974
83.839142628205
85.917467948718
86.81390224359
88.4765625
88.18108974359
89.93890224359
89.858774038462
90.269431089744
53.380408653846
77.033253205128
83.198116987179
85.456730769231
86.673677884615
87.625200320513
89.042467948718
89.342948717949
90.114182692308
90.514823717949
90.835336538462
49.774639423077
76.717748397436
82.221554487179
85.06109775641
86.247996794872
88.166065705128
88.746995192308
89.428084935897
90.645032051282
90.224358974359
90.700120192308
50.971554487179
74.589342948718
82.572115384615
84.074519230769
86.333133012821
87.850560897436
88.546674679487
89.137620192308
90.344551282051
89.733573717949
89.918870192308
50.035056089744
77.108373397436
82.146434294872
85.717147435897
86.112780448718
87.785456730769
89.077524038462
89.418068910256
89.918870192308
89.383012820513
90.660056089744
46.183894230769
74.8046875
83.233173076923
84.349959935897
85.892427884615
87.359775641026
88.326322115385
88.37640224359
89.448116987179
90.619991987179
90.650040064103
50.78125
75.911458333333
80.709134615385
85.066105769231
87.199519230769
87.815504807692
88.141025641026
89.608373397436
89.212740384615
90.614983974359
90.419671474359
46.654647435897
75.175280448718
81.991185897436
84.620392628205
86.924078525641
86.929086538462
88.316306089744
88.090945512821
90.179286858974
90.104166666667
90.239383012821
51.407251602564
76.742788461538
82.732371794872
85.441706730769
86.909054487179
87.39983974359
88.721955128205
88.431490384615
90.154246794872
90.179286858974
90.474759615385
49.013421474359
76.156850961538
82.486979166667
84.269831730769
87.049278846154
87.615184294872
88.752003205128
89.0625
89.948918269231
90.399639423077
90.945512820513
51.001602564103
76.161858974359
82.306690705128
84.560296474359
86.177884615385
86.924078525641
88.226161858974
89.337940705128
89.868790064103
90.499799679487
90.379607371795
52.854567307692
76.938100961538
81.941105769231
85.456730769231
86.498397435897
88.196113782051
88.291266025641
88.566706730769
90.064102564103
90.459735576923
90.184294871795
48.407451923077
76.707732371795
80.443709935897
84.364983974359
85.887419871795
86.838942307692
87.3046875
89.533253205128
90.154246794872
90.204326923077
89.758613782051
46.744791666667
74.133613782051
81.54547275641
84.485176282051
86.568509615385
88.100961538462
88.0859375
88.631810897436
89.418068910256
90.019030448718
90.609975961538
47.771434294872
73.868189102564
79.226762820513
84.289863782051
85.702123397436
86.678685897436
88.546674679487
89.403044871795
88.957331730769
90.209334935897
90.229366987179
47.8515625
74.524238782051
81.370192307692
83.999399038462
85.877403846154
87.244591346154
87.815504807692
89.027443910256
89.588341346154
90.279447115385
90.955528846154
48.517628205128
74.188701923077
81.405248397436
84.500200320513
86.578525641026
87.01422275641
88.591746794872
88.336338141026
89.798677884615
90.259415064103
90.840344551282
50.475761217949
76.983173076923
80.669070512821
84.690504807692
86.934094551282
87.855568910256
88.711939102564
88.842147435897
89.763621794872
90.064102564103
90.249399038462
48.878205128205
75.120192307692
80.639022435897
84.935897435897
86.313100961538
87.880608974359
89.112580128205
88.987379807692
89.663461538462
89.948918269231
90.469751602564
51.101762820513
76.607572115385
81.911057692308
84.575320512821
86.598557692308
87.79547275641
88.136017628205
89.202724358974
89.808693910256
89.718549679487
90.635016025641
53.270232371795
73.943309294872
82.091346153846
84.965945512821
86.653645833333
87.494991987179
88.065905448718
88.997395833333
89.808693910256
89.893830128205
90.13922275641
50.280448717949
77.338741987179
80.408653846154
85.486778846154
86.518429487179
87.930689102564
88.246193910256
89.638421474359
89.873798076923
90.640024038462
90.805288461538
50.045072115385
76.051682692308
82.13141025641
85.9375
87.00921474359
87.109375
88.972355769231
88.862179487179
89.367988782051
90.289463141026
89.958934294872
54.346955128205
73.492588141026
81.104767628205
85.166266025641
86.638621794872
88.080929487179
88.386418269231
89.107572115385
89.563301282051
89.933894230769
90.249399038462
54.647435897436
76.637620192308
81.8359375
84.349959935897
85.962540064103
87.830528846154
88.030849358974
88.541666666667
89.613381410256
90.229366987179
90.314503205128
51.702724358974
75.545873397436
81.625600961538
84.915865384615
85.757211538462
87.059294871795
88.341346153846
88.716947115385
89.137620192308
90.655048076923
89.893830128205
50.676081730769
77.003205128205
81.555488782051
84.455128205128
86.318108974359
87.279647435897
89.322916666667
88.797075320513
89.292868589744
90.309495192308
90.559895833333
49.248798076923
74.404046474359
81.425280448718
85.426682692308
87.474959935897
88.080929487179
88.426482371795
89.718549679487
89.608373397436
89.638421474359
90.780248397436
51.081730769231
77.43890224359
83.318309294872
84.685496794872
86.463341346154
88.501602564103
89.042467948718
88.872195512821
89.408052884615
89.878806089744
90.064102564103
50.010016025641
76.893028846154
82.376802884615
84.730568910256
86.643629807692
87.570112179487
88.120993589744
89.117588141026
89.408052884615
89.968950320513
90.354567307692
49.989983974359
77.493990384615
82.281650641026
84.415064102564
87.124399038462
86.863982371795
88.641826923077
89.102564102564
89.297876602564
89.93890224359
90.489783653846
49.504206730769
74.974959935897
81.375200320513
85.296474358974
87.489983974359
87.975761217949
88.201121794872
88.516626602564
89.478165064103
89.337940705128
90.419671474359
48.001802884615
74.599358974359
82.582131410256
84.965945512821
86.848958333333
87.269631410256
87.945713141026
89.558293269231
89.423076923077
90.124198717949
90.785256410256
48.462540064103
76.687700320513
82.111378205128
85.316506410256
85.06109775641
86.974158653846
89.212740384615
89.408052884615
90.324519230769
90.284455128205
89.708533653846
53.786057692308
76.712740384615
83.042868589744
85.757211538462
86.543469551282
88.025841346154
89.237780448718
89.132612179487
90.004006410256
90.469751602564
91.441306089744
49.368990384615
76.292067307692
81.435296474359
85.121193910256
85.852363782051
88.015825320513
89.167668269231
88.932291666667
89.027443910256
89.973958333333
90.655048076923
50.941506410256
75.701121794872
83.288261217949
84.405048076923
86.323116987179
87.349759615385
88.76702724359
88.96233974359
89.55328525641
90.444711538462
90.13421474359
51.282051282051
75.370592948718
81.8359375
85.076121794872
86.137820512821
87.825520833333
87.610176282051
88.57171474359
89.122596153846
90.099158653846
90.079126602564
52.413862179487
73.177083333333
81.921073717949
84.27483974359
85.817307692308
87.565104166667
88.201121794872
88.626802884615
89.658453525641
89.613381410256
90.509815705128
48.091947115385
75.135216346154
83.082932692308
85.271434294872
85.867387820513
87.79046474359
87.830528846154
88.401442307692
89.312900641026
89.903846153846
90.925480769231
49.779647435897
76.211939102564
81.54547275641
84.234775641026
86.498397435897
87.059294871795
87.560096153846
88.211137820513
89.182692307692
90.119190705128
90.52984775641
53.475560897436
72.601161858974
83.293269230769
85.596955128205
86.473357371795
88.18609775641
88.271233974359
89.277844551282
90.114182692308
89.332932692308
90.695112179487
52.549078525641
75.676081730769
82.552083333333
84.099559294872
86.222956730769
87.675280448718
88.216145833333
89.232772435897
89.913862179487
91.005608974359
90.559895833333
55.148237179487
75.5859375
81.585536858974
84.615384615385
86.007612179487
87.635216346154
88.436498397436
89.132612179487
89.828725961538
89.903846153846
91.251001602564
49.469150641026
74.89983974359
83.839142628205
