24.664463141026
45.092147435897
52.994791666667
63.271233974359
70.087139423077
72.986778846154
74.243790064103
78.856169871795
77.293669871795
78.515625
81.270032051282
81.946113782051
83.243189102564
83.653846153846
83.092948717949
83.698918269231
85.206330128205
84.825721153846
86.873998397436
86.503405448718
86.969150641026
87.00921474359
22.901642628205
40.304487179487
57.992788461538
66.861979166667
70.577924679487
74.454126602564
73.116987179487
77.674278846154
77.043269230769
81.229967948718
79.021434294872
81.079727564103
82.91266025641
84.790665064103
84.915865384615
82.872596153846
85.331530448718
85.181290064103
86.242988782051
86.358173076923
86.783854166667
86.929086538462
87.520032051282
26.061698717949
46.394230769231
60.141225961538
66.621594551282
71.960136217949
73.14202724359
75.605969551282
78.145032051282
78.039863782051
78.796073717949
80.513822115385
81.199919871795
83.533653846154
83.468549679487
83.318309294872
84.915865384615
84.645432692308
86.378205128205
85.611979166667
85.596955128205
86.578525641026
87.40484775641
87.845552884615
22.36578525641
44.160657051282
58.047876602564
63.777043269231
71.264022435897
70.112179487179
76.427283653846
78.630809294872
79.366987179487
80.018028846154
80.784254807692
81.755809294872
82.001201923077
84.535256410256
84.380008012821
84.885817307692
84.985977564103
85.561899038462
85.536858974359
85.732171474359
86.788862179487
87.229567307692
87.479967948718
25.370592948718
47.646233974359
54.777644230769
60.386618589744
65.449719551282
67.853565705128
72.305689102564
75.190304487179
77.478966346154
81.535456730769
80.598958333333
82.096354166667
82.767427884615
82.026241987179
83.082932692308
85.281450320513
83.69391025641
86.207932692308
86.5234375
86.288060897436
86.468349358974
87.660256410256
87.79547275641
20.297475961538
42.007211538462
53.255208333333
64.027443910256
72.611177884615
74.198717948718
75.605969551282
76.161858974359
78.971354166667
79.512219551282
80.894431089744
82.32672275641
82.742387820513
83.258213141026
84.840745192308
84.785657051282
85.3515625
86.007612179487
86.112780448718
85.501802884615
86.393229166667
88.005809294872
88.030849358974
24.714543269231
44.030448717949
54.59234775641
62.725360576923
69.926883012821
74.038461538462
74.464142628205
76.602564102564
78.104967948718
81.435296474359
80.979567307692
82.892628205128
81.886017628205
85.021033653846
84.920873397436
83.062900641026
85.772235576923
84.705528846154
85.732171474359
86.984174679487
87.409855769231
87.494991987179
87.144431089744
19.986979166667
40.815304487179
59.08453525641
65.209334935897
69.756610576923
73.262219551282
76.652644230769
77.704326923077
79.767628205128
80.393629807692
81.134815705128
83.508613782051
81.710737179487
83.243189102564
83.974358974359
84.500200320513
86.1328125
85.927483974359
87.424879807692
86.588541666667
86.358173076923
86.798878205128
87.449919871795
24.919871794872
40.544871794872
54.567307692308
64.528245192308
67.883613782051
74.028445512821
73.277243589744
75.335536858974
80.228365384615
79.186698717949
80.463741987179
81.435296474359
84.07952724359
83.3984375
84.810697115385
84.905849358974
84.810697115385
85.106169871795
86.012620192308
86.458333333333
86.81891025641
86.934094551282
86.303084935897
22.455929487179
44.961939102564
53.540665064103
65.464743589744
71.604567307692
72.335737179487
75.285456730769
79.366987179487
75.48577724359
79.887820512821
80.393629807692
82.091346153846
81.815905448718
83.318309294872
84.515224358974
85.206330128205
84.154647435897
84.364983974359
85.727163461538
86.863982371795
85.907451923077
86.919070512821
87.139423076923
21.254006410256
42.082331730769
54.286858974359
65.715144230769
70.983573717949
69.836738782051
74.178685897436
76.282051282051
77.824519230769
79.467147435897
81.265024038462
80.388621794872
83.924278846154
82.502003205128
83.343349358974
85.551883012821
84.164663461538
85.541866987179
85.541866987179
86.653645833333
86.288060897436
87.174479166667
87.394831730769
24.959935897436
42.082331730769
55.473758012821
64.798677884615
71.97015224359
72.470953525641
77.24859775641
78.099959935897
79.241786858974
80.443709935897
80.543870192308
83.117988782051
83.728966346154
83.508613782051
84.134615384615
85.226362179487
85.767227564103
85.516826923077
86.583533653846
85.987580128205
86.788862179487
86.793870192308
87.369791666667
24.228766025641
43.920272435897
55.528846153846
65.13922275641
68.038862179487
71.57952724359
71.414262820513
78.966346153846
79.897836538462
79.657451923077
79.717548076923
80.303485576923
82.597155448718
83.553685897436
83.919270833333
84.720552884615
84.47015224359
85.64703525641
85.496794871795
87.119391025641
87.034254807692
87.339743589744
86.884014423077
20.502804487179
43.319310897436
54.351963141026
64.688501602564
69.456129807692
73.417467948718
75.330528846154
77.1484375
78.385416666667
79.39202724359
80.543870192308
80.879407051282
83.253205128205
83.658854166667
83.158052884615
85.697115384615
84.725560897436
85.301482371795
85.64202724359
86.222956730769
86.989182692308
87.174479166667
88.141025641026
23.177083333333
42.262620192308
57.8125
64.603365384615
69.661458333333
72.410857371795
76.216947115385
74.31390224359
78.210136217949
78.375400641026
81.385216346154
81.009615384615
82.71233974359
83.738982371795
82.572115384615
84.074519230769
84.655448717949
84.354967948718
85.852363782051
86.71875
87.054286858974
87.194511217949
86.573517628205
23.657852564103
43.299278846154
56.024639423077
62.710336538462
62.905649038462
71.689703525641
74.278846153846
77.34375
79.306891025641
79.086538461538
81.54046474359
82.562099358974
83.128004807692
83.208133012821
83.668870192308
84.104567307692
85.466746794872
85.051081730769
86.328125
86.03265224359
86.598557692308
86.288060897436
87.194511217949
22.541065705128
40.044070512821
58.218149038462
66.411258012821
66.912059294872
72.701322115385
77.1484375
75.235376602564
79.527243589744
79.602363782051
81.355168269231
83.193108974359
83.238181089744
81.555488782051
83.49859775641
83.468549679487
85.501802884615
85.551883012821
85.276442307692
87.615184294872
86.773838141026
86.293068910256
87.264623397436
20.352564102564
41.987179487179
53.685897435897
61.61858974359
69.200721153846
71.559495192308
73.803084935897
76.252003205128
77.458934294872
78.330328525641
81.675681089744
81.74078525641
82.692307692308
82.707331730769
82.947716346154
84.610376602564
84.980969551282
86.528445512821
85.541866987179
84.975961538462
86.333133012821
86.843950320513
87.314703525641
25.831330128205
42.182491987179
52.849559294872
64.94391025641
69.340945512821
74.949919871795
75.170272435897
75.440705128205
79.176682692308
79.221754807692
80.649038461538
80.523838141026
83.683894230769
83.378405448718
84.995993589744
84.074519230769
85.652043269231
85.271434294872
86.608573717949
85.722155448718
87.520032051282
87.580128205128
86.187900641026
21.629607371795
41.816907051282
51.632612179487
62.3046875
70.698116987179
70.883413461538
75.400641025641
75.951522435897
81.715745192308
79.351963141026
81.976161858974
82.146434294872
83.413461538462
82.757411858974
83.69391025641
83.959334935897
84.124599358974
85.621995192308
86.949118589744
86.022636217949
87.219551282051
87.775440705128
87.334735576923
24.068509615385
43.880208333333
52.278645833333
64.042467948718
69.085536858974
70.948517628205
73.312299679487
78.02984775641
79.371995192308
79.962940705128
80.994591346154
82.376802884615
81.260016025641
84.485176282051
83.924278846154
84.67047275641
85.141225961538
84.525240384615
86.358173076923
86.368189102564
87.074318910256
86.112780448718
87.199519230769
21.905048076923
42.608173076923
56.520432692308
66.546474358974
67.377804487179
73.061899038462
75.070112179487
76.402243589744
79.061498397436
80.408653846154
80.864383012821
81.35016025641
82.106370192308
82.752403846154
82.436899038462
84.259815705128
84.830729166667
85.586939102564
85.161258012821
86.583533653846
87.690304487179
87.5
87.690304487179
23.357371794872
40.599959935897
56.815905448718
63.141025641026
71.008613782051
73.217147435897
74.889823717949
78.715945512821
78.585737179487
81.730769230769
81.876001602564
82.597155448718
83.012820512821
82.186498397436
82.877604166667
83.799078525641
84.430088141026
85.987580128205
86.298076923077
85.857371794872
86.688701923077
87.535056089744
87.444911858974
23.562700320513
44.305889423077
54.457131410256
63.316306089744
67.803485576923
71.619591346154
73.137019230769
75.1953125
78.535657051282
78.109975961538
80.263421474359
79.762620192308
83.658854166667
82.271634615385
83.814102564103
85.161258012821
84.525240384615
84.269831730769
85.972556089744
86.608573717949
85.606971153846
87.249599358974
87.515024038462
21.414262820513
43.144030448718
56.630608974359
65.354567307692
68.209134615385
73.066907051282
77.679286858974
78.064903846154
78.02984775641
79.572315705128
80.218349358974
82.211538461538
82.652243589744
82.882612179487
84.785657051282
85.226362179487
85.541866987179
85.992588141026
86.222956730769
86.458333333333
86.027644230769
87.885616987179
87.620192307692
18.299278846154
41.626602564103
56.405248397436
65.640024038462
69.446113782051
73.292267628205
75.866386217949
77.519030448718
78.670873397436
79.061498397436
81.164863782051
82.416866987179
82.842548076923
83.69391025641
82.146434294872
84.059495192308
85.371594551282
86.137820512821
85.411658653846
86.022636217949
86.493389423077
86.678685897436
86.328125
20.978565705128
43.013822115385
53.916266025641
64.292868589744
68.479567307692
73.492588141026
76.447315705128
77.859575320513
77.478966346154
78.921274038462
81.495392628205
82.672275641026
82.261618589744
84.224759615385
83.668870192308
84.289863782051
85.221354166667
85.892427884615
86.1328125
86.253004807692
86.949118589744
87.334735576923
88.256209935897
25.856370192308
44.305889423077
56.079727564103
63.341346153846
69.576322115385
73.4375
74.989983974359
77.83453525641
79.091546474359
80.548878205128
80.208333333333
80.188301282051
83.723958333333
83.238181089744
84.154647435897
83.623798076923
85.576923076923
85.086137820513
85.64202724359
86.934094551282
87.269631410256
85.421674679487
88.246193910256
25.600961538462
42.553084935897
53.580729166667
60.712139423077
69.43108974359
67.963741987179
76.587540064103
75.355568910256
77.714342948718
77.549078525641
82.316706730769
83.168068910256
80.749198717949
83.483573717949
83.393429487179
83.909254807692
85.051081730769
86.162860576923
84.935897435897
87.004206730769
87.394831730769
86.458333333333
88.025841346154
26.642628205128
41.801883012821
52.734375
64.93890224359
67.147435897436
74.098557692308
74.789663461538
75.646033653846
79.081530448718
80.363581730769
79.161658653846
82.446915064103
82.221554487179
83.483573717949
84.550280448718
84.369991987179
85.481770833333
85.762219551282
86.848958333333
85.762219551282
87.494991987179
86.308092948718
87.159455128205
29.341947115385
41.816907051282
55.729166666667
61.017628205128
68.930288461538
71.449318910256
75.385616987179
77.403846153846
77.238581730769
80.939503205128
80.023036858974
82.396834935897
83.278245192308
83.333333333333
85.211338141026
84.945913461538
85.016025641026
86.328125
85.682091346154
86.703725961538
86.994190705128
87.99078525641
86.663661858974
25.185296474359
44.956931089744
58.754006410256
62.229567307692
68.169070512821
73.482572115385
76.592548076923
78.285256410256
79.742588141026
78.891225961538
81.044671474359
83.468549679487
81.410256410256
84.625400641026
84.785657051282
84.440104166667
85.011017628205
85.241386217949
86.858974358974
86.237980769231
86.42327724359
86.663661858974
87.860576923077
23.808092948718
45.067107371795
53.675881410256
62.154447115385
69.165665064103
72.490985576923
72.686298076923
77.43890224359
76.737780448718
79.727564102564
79.171674679487
81.825921474359
82.582131410256
84.019431089744
85.747195512821
84.390024038462
85.932491987179
86.593549679487
86.658653846154
85.431690705128
86.648637820513
87.169471153846
87.715344551282
30.183293269231
49.654447115385
53.079927884615
62.269631410256
64.022435897436
70.277443910256
73.963341346154
76.091746794872
78.901241987179
79.121594551282
79.331931089744
81.370192307692
82.021233974359
82.817508012821
85.041065705128
84.635416666667
84.074519230769
85.962540064103
86.007612179487
86.197916666667
86.758814102564
87.189503205128
86.773838141026
23.883213141026
42.227564102564
54.972956730769
62.545072115385
70.99358974359
72.671274038462
75.500801282051
76.787860576923
79.146634615385
79.652443910256
81.74078525641
81.375200320513
80.919471153846
83.378405448718
84.124599358974
85.326522435897
85.261418269231
85.732171474359
86.247996794872
86.588541666667
87.229567307692
86.833934294872
86.768830128205
26.156850961538
42.042267628205
54.016426282051
63.191105769231
66.245993589744
72.195512820513
76.612580128205
75.831330128205
78.826121794872
79.39703525641
78.740985576923
82.221554487179
80.639022435897
82.632211538462
84.495192307692
84.805689102564
84.640424679487
84.254807692308
86.528445512821
85.942508012821
86.348157051282
86.42327724359
87.439903846154
26.437299679487
42.217548076923
60.271434294872
62.545072115385
66.972155448718
66.286057692308
74.358974358974
77.378806089744
76.998197115385
80.063100961538
78.585737179487
82.637219551282
85.231370192308
82.111378205128
85.171274038462
82.957732371795
85.181290064103
85.501802884615
86.588541666667
85.922475961538
86.994190705128
86.047676282051
86.663661858974
21.754807692308
43.329326923077
55.433693910256
62.950721153846
70.297475961538
71.228966346154
75.425681089744
77.579126602564
78.600761217949
79.19671474359
81.800881410256
80.749198717949
83.658854166667
83.523637820513
84.86578525641
84.525240384615
84.950921474359
85.852363782051
86.974158653846
85.847355769231
86.673677884615
86.273036858974
87.089342948718
26.006610576923
45.60797275641
55.338541666667
59.635416666667
68.26422275641
76.121794871795
76.422275641026
78.019831730769
77.644230769231
80.498798076923
81.590544871795
81.285056089744
83.122996794872
83.919270833333
83.343349358974
85.316506410256
84.144631410256
85.131209935897
86.753806089744
86.503405448718
85.882411858974
86.934094551282
87.339743589744
25.445713141026
45.132211538462
55.2734375
62.775440705128
68.404447115385
70.973557692308
76.191907051282
77.013221153846
77.924679487179
77.974759615385
81.139823717949
80.163261217949
83.573717948718
82.436899038462
83.578725961538
85.922475961538
86.007612179487
85.802283653846
86.027644230769
85.7421875
87.254607371795
86.81390224359
86.583533653846
25.220352564103
47.350761217949
51.597556089744
62.019230769231
71.354166666667
69.701522435897
75.555889423077
75.185296474359
79.427083333333
80.168269230769
81.390224358974
78.465544871795
82.582131410256
82.52203525641
83.178084935897
85.036057692308
84.455128205128
85.561899038462
86.453325320513
85.84234775641
86.778846153846
86.808894230769
87.820512820513
24.053485576923
43.920272435897
56.911057692308
64.067508012821
70.317508012821
72.986778846154
78.200120192308
75.966546474359
76.081730769231
79.942908653846
80.754206730769
81.956129807692
81.35016025641
83.383413461538
82.992788461538
84.059495192308
85.051081730769
84.685496794872
85.601963141026
86.71875
86.768830128205
87.720352564103
87.349759615385
21.890024038462
39.74358974359
54.802684294872
