48.352635782748
75.084864217252
80.066892971246
83.321685303514
83.760982428115
85.772763578275
85.722843450479
86.796126198083
87.514976038339
87.649760383387
88.094049520767
88.138977635783
88.378594249201
88.852835463259
89.112420127796
89.102436102236
89.17731629393
89.50678913738
89.581669329073
49.55571086262
73.507388178914
78.100039936102
81.514576677316
84.070487220447
84.794329073482
85.503194888179
86.401757188498
86.556509584665
87.400159744409
87.629792332268
87.939297124601
88.233825878594
88.528354632588
88.812899361022
88.962659744409
89.167332268371
89.312100638978
89.381988817891
89.501797124601
54.652555910543
74.011581469649
80.750798722045
82.003793929712
84.115415335463
85.388378594249
85.917531948882
86.920926517572
86.900958466454
87.624800319489
87.904353035144
88.193889776358
88.443490415335
88.867811501597
88.782947284345
89.082468051118
89.262180511182
89.307108626198
89.551717252396
89.726437699681
52.351238019169
75.953474440895
80.516174121406
82.038738019169
84.894169329073
85.093849840256
85.787739616613
86.985822683706
87.030750798722
87.72464057508
87.894369009585
88.238817891374
88.528354632588
88.922723642173
88.987619808307
88.987619808307
89.2821485623
89.531749201278
89.711461661342
89.666533546326
50.713857827476
71.805111821086
80.331469648562
83.346645367412
84.095447284345
85.667931309904
86.137180511182
86.711261980831
87.355231629393
87.934305111821
88.019169329073
88.523362619808
88.757987220447
88.752995207668
89.122404153355
89.247204472843
89.39696485623
89.521765175719
89.631589456869
89.821285942492
51.078274760383
75.154752396166
79.053514376997
82.428115015974
84.744408945687
84.959065495208
86.142172523962
86.506589456869
87.524960063898
87.410143769968
87.954273162939
88.273761980831
88.513378594249
88.523362619808
89.072484025559
89.102436102236
89.17232428115
89.431908945687
89.486821086262
89.726437699681
49.251198083067
74.505790734824
79.917132587859
82.25339456869
84.185303514377
84.889177316294
86.281948881789
86.296924920128
87.470047923323
87.470047923323
87.909345047923
88.183905750799
88.38857827476
88.887779552716
88.827875399361
89.167332268371
89.332068690096
89.381988817891
89.62160543131
89.856230031949
48.337659744409
73.237819488818
79.852236421725
83.14696485623
84.275159744409
85.433306709265
86.132188498403
86.301916932907
87.265375399361
87.440095846645
87.894369009585
88.099041533546
88.403554313099
88.748003194888
88.748003194888
89.227236421725
89.142372204473
89.39197284345
89.571685303514
89.786341853035
49.346046325879
72.374201277955
79.652555910543
81.539536741214
84.180311501597
85.15874600639
86.037340255591
86.581469648562
86.975838658147
87.310303514377
87.659744408946
87.874400958466
88.438498402556
88.628194888179
88.787939297125
89.072484025559
89.137380191693
89.367012779553
89.526757188498
89.656549520767
54.35303514377
74.735423322684
80.820686900958
83.566293929712
84.355031948882
84.969049520767
86.311900958466
86.656349840256
87.325279552716
87.929313099042
87.979233226837
88.193889776358
88.483426517572
88.847843450479
88.95267571885
89.05750798722
89.317092651757
89.556709265176
89.501797124601
89.816293929712
51.642372204473
72.129592651757
79.392971246006
81.824081469649
84.1553514377
84.794329073482
85.71285942492
86.541533546326
86.930910543131
87.120607028754
88.094049520767
88.009185303514
88.50838658147
88.528354632588
88.8428514377
89.097444089457
89.247204472843
89.496805111821
89.426916932907
89.636581469649
52.955271565495
73.237819488818
80.336461661342
82.547923322684
83.970646964856
85.183706070288
86.561501597444
86.556509584665
87.090654952077
87.594848242812
88.094049520767
88.119009584665
88.528354632588
88.902755591054
88.738019169329
89.082468051118
89.39696485623
89.357028753994
89.576677316294
89.706469648562
53.68410543131
75.33945686901
79.662539936102
83.112020766773
84.210263578275
85.398362619808
86.017372204473
86.746206070288
87.100638977636
87.370207667732
88.039137380192
88.298722044728
88.473442492013
88.678115015974
88.932707667732
89.247204472843
89.536741214058
89.257188498403
89.706469648562
89.721445686901
48.172923322684
74.980031948882
80.176717252396
82.767571884984
84.26018370607
85.438298722045
86.112220447284
87.000798722045
87.16054313099
87.255391373802
88.014177316294
88.258785942492
88.39357028754
88.757987220447
88.713059105431
89.17232428115
89.247204472843
89.357028753994
89.461861022364
89.611621405751
49.21625399361
75.369408945687
80.685902555911
83.795926517572
83.940694888179
85.403354632588
86.346845047923
86.880990415335
87.320287539936
87.714656549521
87.994209265176
88.50838658147
88.658146964856
88.987619808307
88.962659744409
89.147364217252
89.481829073482
89.611621405751
89.686501597444
89.721445686901
46.006389776358
73.632188498403
79.842252396166
83.012180511182
83.965654952077
86.062300319489
86.38678115016
86.691293929712
87.16553514377
87.60982428115
87.924321086262
88.308706070288
88.563298722045
88.663138977636
89.017571884984
89.122404153355
89.28714057508
89.431908945687
89.556709265176
89.826277955272
45.517172523962
70.681908945687
78.304712460064
81.789137380192
84.300119808307
84.914137380192
86.007388178914
86.217052715655
87.265375399361
87.355231629393
87.744608626198
88.193889776358
88.493410543131
88.678115015974
88.797923322684
88.957667731629
89.267172523962
89.352036741214
89.362020766773
89.656549520767
49.141373801917
73.687100638978
79.268170926518
83.521365814696
84.409944089457
86.127196485623
86.217052715655
86.950878594249
87.325279552716
87.934305111821
87.999201277955
88.448482428115
88.443490415335
88.887779552716
88.987619808307
89.102436102236
89.227236421725
89.526757188498
89.586661341853
89.836261980831
51.832068690096
74.141373801917
77.515974440895
81.35982428115
83.736022364217
84.389976038339
85.188698083067
86.516573482428
86.706269968051
87.145567092652
87.729632587859
87.899361022364
88.28374600639
88.678115015974
88.73302715655
89.05750798722
89.187300319489
89.322084664537
89.491813099042
89.706469648562
50.184704472843
74.630591054313
79.298123003195
83.047124600639
84.330071884984
85.338458466454
86.072284345048
86.676317891374
87.72464057508
87.544928115016
88.009185303514
88.288738019169
88.762979233227
88.907747603834
89.012579872204
89.232228434505
89.471845047923
89.486821086262
89.801317891374
89.806309904153
50.564097444089
72.314297124601
78.883785942492
82.47304313099
83.691094249201
85.143769968051
85.842651757188
86.461661341853
87.175519169329
87.804512779553
87.669728434505
88.308706070288
88.593250798722
88.72304313099
88.962659744409
89.027555910543
89.307108626198
89.386980830671
89.661541533546
89.631589456869
46.815095846645
74.231230031949
79.143370607029
81.684305111821
84.684504792332
84.779353035144
85.782747603834
86.841054313099
87.145567092652
87.7196485623
87.984225239617
88.293730031949
88.548322683706
88.877795527157
89.0625
89.272164536741
89.322084664537
89.347044728435
89.726437699681
89.691493610224
49.470846645367
72.798522364217
78.46445686901
82.622803514377
83.59624600639
85.523162939297
86.107228434505
86.531549520767
87.230431309904
87.490015974441
88.094049520767
88.124001597444
88.483426517572
88.882787539936
88.932707667732
89.05750798722
89.292132587859
89.411940894569
89.606629392971
89.651557507987
46.695287539936
72.703674121406
80.391373801917
81.57947284345
84.185303514377
84.869209265176
85.877595846645
86.49660543131
86.880990415335
87.654752396166
87.779552715655
88.178913738019
88.438498402556
88.72803514377
88.917731629393
89.017571884984
89.162340255591
89.481829073482
89.666533546326
89.61661341853
52.256389776358
72.503993610224
79.772364217252
82.877396166134
84.744408945687
85.103833865815
86.431709265176
86.38678115016
87.180511182109
87.400159744409
87.709664536741
88.228833865815
88.433506389776
88.633186900958
88.767971246006
89.037539936102
89.127396166134
89.217252396166
89.571685303514
89.681509584665
50.89357028754
73.981629392971
78.374600638978
83.017172523962
83.356629392971
84.834265175719
85.543130990415
86.701277955272
86.666333865815
87.075678913738
87.684704472843
87.899361022364
88.183905750799
88.478434504792
88.708067092652
88.882787539936
89.097444089457
89.142372204473
89.406948881789
89.601637380192
46.141174121406
70.562100638978
79.707468051118
82.183506389776
83.271765175719
85.283546325879
85.962460063898
86.581469648562
87.330271565495
87.485023961661
87.894369009585
88.069089456869
88.558306709265
88.8428514377
88.862819488818
89.107428115016
89.247204472843
89.536741214058
89.591653354633
89.601637380192
50.214656549521
74.480830670927
79.313099041534
82.912340255591
83.651158146965
85.26357827476
86.466653354633
86.411741214058
86.920926517572
87.425119808307
87.864416932907
88.124001597444
88.253793929712
88.653154952077
88.927715654952
89.217252396166
89.017571884984
89.39197284345
89.476837060703
89.626597444089
47.733626198083
73.906749201278
78.444488817891
82.597843450479
83.226837060703
85.323482428115
85.947484025559
86.406749201278
87.040734824281
87.549920127796
87.624800319489
88.133985623003
88.633186900958
88.513378594249
88.912739616613
89.092452076677
89.152356230032
89.441892971246
89.491813099042
89.62160543131
48.093051118211
74.091453674121
79.757388178914
82.248402555911
84.095447284345
85.238618210863
86.122204472843
86.531549520767
87.005790734824
87.524960063898
88.114017571885
88.378594249201
88.50838658147
88.797923322684
88.95267571885
89.192292332268
89.307108626198
89.596645367412
89.631589456869
89.741413738019
47.898362619808
72.65874600639
78.873801916933
83.736022364217
83.107028753994
85.313498402556
86.087260383387
86.915934504792
86.94588658147
87.689696485623
88.034145367412
88.109025559105
88.333666134185
88.563298722045
89.032547923323
88.937699680511
89.032547923323
89.471845047923
89.40195686901
89.646565495208
47.414137380192
73.901757188498
79.867212460064
82.148562300319
84.285143769968
85.26857028754
85.707867412141
86.376797124601
87.020766773163
87.549920127796
87.859424920128
88.178913738019
88.50339456869
88.643170926518
88.713059105431
89.002595846645
89.097444089457
89.416932907348
89.50678913738
89.641573482428
48.167931309904
74.745407348243
80.126797124601
82.288338658147
84.969049520767
85.063897763578
86.256988817891
86.880990415335
87.305311501597
87.704672523962
88.029153354633
88.348642172524
88.623202875399
88.807907348243
89.002595846645
89.2821485623
89.376996805112
89.486821086262
89.801317891374
89.766373801917
47.32428115016
73.292731629393
79.308107028754
81.614416932907
84.115415335463
85.408346645367
85.922523961661
86.706269968051
87.16054313099
87.629792332268
87.739616613419
87.984225239617
88.398562300319
88.533346645367
88.757987220447
89.037539936102
89.147364217252
89.431908945687
89.381988817891
89.531749201278
47.144568690096
73.66214057508
79.427915335463
82.522963258786
84.464856230032
85.453274760383
86.087260383387
86.920926517572
87.140575079872
87.554912140575
87.914337060703
88.318690095847
88.683107028754
88.787939297125
89.112420127796
89.077476038339
89.471845047923
89.676517571885
89.746405750799
89.766373801917
45.392372204473
72.314297124601
79.79732428115
82.542931309904
84.579672523962
85.108825878594
86.26697284345
86.631389776358
87.5
87.679712460064
88.05910543131
88.253793929712
88.718051118211
88.832867412141
89.162340255591
89.252196485623
89.372004792332
89.586661341853
89.661541533546
89.861222044728
45.382388178914
72.304313099042
79.422923322684
81.943889776358
83.93071086262
85.033945686901
85.777755591054
86.581469648562
87.215455271565
87.380191693291
88.009185303514
88.094049520767
88.548322683706
88.663138977636
88.962659744409
89.072484025559
89.217252396166
89.337060702875
89.541733226837
89.666533546326
49.061501597444
72.663738019169
77.875399361022
81.91892971246
83.59125399361
84.729432907348
85.672923322684
86.526557507987
86.811102236422
87.539936102236
87.794528753994
88.17392172524
88.243809904153
88.583266773163
88.8428514377
88.972643769968
89.162340255591
89.242212460064
89.456869009585
89.491813099042
44.054512779553
73.127995207668
79.732428115016
81.409744408946
83.451477635783
85.113817891374
85.852635782748
86.596445686901
87.195487220447
87.445087859425
88.034145367412
88.293730031949
88.50838658147
88.718051118211
88.83785942492
89.112420127796
89.237220447284
89.571685303514
89.421924920128
89.611621405751
47.943290734824
73.627196485623
79.937100638978
81.888977635783
84.165335463259
84.70946485623
86.251996805112
86.326876996805
87.335263578275
87.370207667732
87.994209265176
88.079073482428
88.50838658147
88.598242811502
88.94768370607
89.262180511182
89.242212460064
89.441892971246
89.526757188498
89.73642172524
47.299321086262
72.374201277955
79.722444089457
82.228434504792
84.360023961661
85.358426517572
86.242012779553
86.466653354633
87.120607028754
87.684704472843
87.914337060703
88.28374600639
88.493410543131
88.72803514377
89.027555910543
89.137380191693
89.17232428115
89.272164536741
89.491813099042
89.701477635783
45.257587859425
71.335862619808
78.749001597444
81.384784345048
84.015575079872
84.879193290735
85.637979233227
86.736222044728
87.420127795527
87.450079872204
87.894369009585
88.308706070288
88.608226837061
88.807907348243
89.077476038339
89.092452076677
89.362020766773
89.526757188498
89.611621405751
89.786341853035
46.929912140575
74.306110223642
78.823881789137
82.493011182109
83.37160543131
85.313498402556
86.316892971246
86.856030351438
87.16054313099
87.869408945687
88.183905750799
88.328674121406
88.493410543131
88.8428514377
89.002595846645
89.047523961661
89.352036741214
89.481829073482
89.706469648562
89.811301916933
44.264177316294
71.580471246006
78.823881789137
81.80910543131
84.255191693291
84.589656549521
85.907547923323
86.701277955272
87.100638977636
87.524960063898
87.744608626198
88.203873801917
88.433506389776
88.578274760383
88.907747603834
89.037539936102
89.137380191693
89.40195686901
89.576677316294
89.561701277955
45.08785942492
72.149560702875
78.888777955272
81.494608626198
83.741014376997
85.008985623003
85.697883386581
85.94249201278
87.17052715655
87.395167731629
87.804512779553
87.959265175719
88.473442492013
88.438498402556
88.902755591054
89.017571884984
89.192292332268
89.247204472843
89.51178115016
89.591653354633
44.568690095847
73.901757188498
78.384584664537
82.792531948882
83.381589456869
85.253594249201
85.94249201278
86.671325878594
86.82607827476
87.415135782748
87.819488817891
88.228833865815
88.533346645367
88.688099041534
88.932707667732
89.112420127796
89.332068690096
89.352036741214
89.756389776358
89.651557507987
45.597044728435
71.036341853035
78.384584664537
82.108626198083
83.456469648562
84.984025559105
85.797723642173
86.711261980831
87.195487220447
87.400159744409
87.924321086262
88.28374600639
88.543330670927
88.857827476038
88.912739616613
89.072484025559
89.272164536741
89.51178115016
89.611621405751
89.661541533546
47.264376996805
72.678714057508
78.918730031949
82.098642172524
83.790934504792
85.368410543131
85.632987220447
86.641373801917
87.045726837061
87.549920127796
87.72464057508
88.094049520767
88.493410543131
88.782947284345
88.678115015974
89.082468051118
89.137380191693
89.39696485623
89.451876996805
89.656549520767
47.484025559105
71.500599041534
78.274760383387
82.158546325879
84.085463258786
84.749400958466
85.882587859425
86.336861022364
87.220447284345
87.310303514377
87.929313099042
88.178913738019
88.458466453674
88.648162939297
88.713059105431
89.05750798722
89.212260383387
89.357028753994
89.39696485623
89.586661341853
50.66892971246
73.013178913738
79.038538338658
81.859025559105
84.190295527157
84.899161341853
85.887579872204
86.686301916933
87.135583067093
87.619808306709
87.879392971246
88.208865814696
88.658146964856
88.777955271565
88.927715654952
89.06749201278
89.112420127796
89.406948881789
89.556709265176
89.586661341853
46.001397763578
74.745407348243
79.46285942492
81.943889776358
84.210263578275
84.809305111821
86.481629392971
86.396765175719
87.380191693291
87.82947284345
87.789536741214
88.148961661342
88.463458466454
88.812899361022
88.927715654952
89.376996805112
89.292132587859
89.521765175719
89.631589456869
89.886182108626
51.842052715655
70.442292332268
78.893769968051
81.963857827476
83.456469648562
85.173722044728
85.453274760383
86.541533546326
87.060702875399
87.335263578275
87.649760383387
88.268769968051
88.463458466454
88.468450479233
88.857827476038
88.987619808307
89.252196485623
89.297124600639
89.571685303514
89.416932907348
46.999800319489
73.542332268371
78.534345047923
82.468051118211
83.850838658147
85.163738019169
86.132188498403
86.920926517572
87.17052715655
87.639776357827
87.94928115016
88.228833865815
88.493410543131
88.718051118211
88.992611821086
89.0625
89.107428115016
89.372004792332
89.491813099042
89.571685303514
45.841653354633
71.959864217252
79.747404153355
82.642771565495
84.534744408946
85.26857028754
86.336861022364
86.955870607029
87.290335463259
87.664736421725
87.984225239617
88.308706070288
88.578274760383
88.787939297125
89.002595846645
89.122404153355
89.332068690096
89.441892971246
89.631589456869
89.62160543131
45.362420127796
71.740215654952
79.46285942492
82.183506389776
84.015575079872
84.70447284345
85.742811501597
86.676317891374
87.030750798722
87.7196485623
87.924321086262
88.024161341853
88.428514376997
88.548322683706
88.94768370607
89.087460063898
89.202276357827
89.456869009585
89.50678913738
89.84125399361
42.262380191693
71.450678913738
78.56928913738
82.547923322684
83.606230031949
85.233626198083
86.237020766773
86.077276357827
87.290335463259
87.485023961661
87.874400958466
88.273761980831
88.583266773163
88.673123003195
89.05750798722
89.142372204473
89.406948881789
89.406948881789
89.661541533546
89.761381789137
46.300918530351
72.339257188498
80.461261980831
83.067092651757
84.200279552716
85.832667731629
85.987420127796
86.890974440895
87.215455271565
87.519968051118
88.069089456869
88.358626198083
88.553314696486
88.73302715655
89.032547923323
89.092452076677
89.322084664537
89.431908945687
89.451876996805
89.701477635783
50.11481629393
71.720247603834
77.870407348243
82.507987220447
84.494808306709
85.288538338658
86.117212460064
86.731230031949
87.485023961661
87.684704472843
88.128993610224
88.133985623003
88.748003194888
88.548322683706
88.937699680511
89.087460063898
89.561701277955
89.476837060703
89.681509584665
89.606629392971
42.222444089457
73.492412140575
79.422923322684
82.183506389776
84.085463258786
85.348442492013
86.461661341853
86.476637380192
87.375199680511
87.594848242812
88.16892971246
88.378594249201
88.668130990415
88.772963258786
88.887779552716
89.302116613419
89.317092651757
89.372004792332
89.581669329073
89.816293929712
45.796725239617
73.497404153355
78.739017571885
81.634384984026
84.025559105431
85.468250798722
85.807707667732
86.49660543131
87.290335463259
87.529952076677
87.929313099042
88.258785942492
88.463458466454
88.752995207668
88.942691693291
89.227236421725
89.372004792332
89.501797124601
89.716453674121
89.801317891374
46.835063897764
72.998202875399
80.056908945687
82.752595846645
84.110423322684
85.573083067093
86.05231629393
86.646365814696
87.320287539936
87.549920127796
88.138977635783
88.104033546326
88.638178913738
88.748003194888
88.917731629393
89.167332268371
89.217252396166
89.531749201278
89.481829073482
89.696485623003
48.367611821086
73.417531948882
79.542731629393
82.148562300319
84.944089456869
84.979033546326
86.107228434505
86.581469648562
87.265375399361
87.864416932907
87.869408945687
88.308706070288
88.72304313099
88.568290734824
88.907747603834
89.242212460064
89.182308306709
89.551717252396
89.656549520767
89.751397763578
47.369209265176
74.22124600639
79.402955271565
83.072084664537
84.105431309904
85.433306709265
86.202076677316
86.771166134185
87.380191693291
87.7196485623
88.148961661342
88.263777955272
88.633186900958
88.887779552716
89.022563897764
89.167332268371
89.182308306709
89.551717252396
89.636581469649
89.891174121406
46.265974440895
72.513977635783
79.567691693291
81.794129392971
84.100439297125
85.348442492013
85.947484025559
86.94089456869
87.140575079872
87.639776357827
87.824480830671
88.208865814696
88.528354632588
88.708067092652
88.887779552716
88.897763578275
89.222244408946
89.411940894569
89.347044728435
89.636581469649
49.011581469649
72.359225239617
78.624201277955
81.948881789137
83.70107827476
84.994009584665
85.82767571885
86.551517571885
87.125599041534
87.380191693291
87.874400958466
88.228833865815
88.338658146965
88.638178913738
88.917731629393
89.037539936102
89.06749201278
89.381988817891
89.441892971246
89.666533546326
47.274361022364
73.452476038339
78.414536741214
82.233426517572
84.04552715655
85.318490415335
85.797723642173
86.621405750799
87.475039936102
87.639776357827
88.069089456869
87.964257188498
88.453474440895
88.847843450479
89.032547923323
89.112420127796
89.292132587859
89.51178115016
89.646565495208
89.656549520767
47.833466453674
74.236222044728
77.845447284345
82.832468051118
83.70107827476
85.318490415335
85.862619808307
86.900958466454
86.786142172524
87.584864217252
87.869408945687
88.418530351438
88.373602236422
88.817891373802
88.912739616613
89.002595846645
89.322084664537
89.312100638978
89.706469648562
89.781349840256
49.11142172524
73.447484025559
78.629193290735
82.532947284345
84.414936102236
85.368410543131
85.847643769968
86.885982428115
87.340255591054
87.509984025559
88.089057507987
88.303714057508
88.478434504792
88.922723642173
88.827875399361
89.257188498403
89.292132587859
89.556709265176
89.596645367412
89.681509584665
45.781749201278
70.741813099042
78.823881789137
81.983825878594
84.215255591054
85.363418530351
86.082268370607
86.751198083067
87.185503194888
87.559904153355
87.914337060703
88.333666134185
88.553314696486
88.792931309904
88.787939297125
89.037539936102
89.327076677316
89.386980830671
89.566693290735
89.696485623003
48.292731629393
71.979832268371
78.619209265176
82.752595846645
84.245207667732
85.238618210863
86.207068690096
86.955870607029
87.340255591054
87.649760383387
87.854432907348
88.228833865815
88.713059105431
88.867811501597
88.982627795527
89.217252396166
89.426916932907
89.51178115016
89.636581469649
89.576677316294
49.11142172524
72.164536741214
79.273162939297
81.599440894569
84.335063897764
84.59964057508
86.207068690096
86.94588658147
87.380191693291
87.564896166134
87.914337060703
88.413538338658
88.583266773163
88.738019169329
88.987619808307
89.2821485623
89.322084664537
89.531749201278
89.641573482428
89.746405750799
44.893170926518
71.790135782748
78.803913738019
82.398162939297
84.429912140575
85.083865814696
86.207068690096
86.756190095847
87.175519169329
87.430111821086
87.954273162939
88.213857827476
88.638178913738
88.713059105431
88.792931309904
89.202276357827
89.376996805112
89.362020766773
89.786341853035
89.641573482428
51.178115015974
73.09804313099
78.694089456869
82.632787539936
84.245207667732
85.033945686901
86.296924920128
86.806110223642
87.455071884984
87.749600638978
88.024161341853
88.188897763578
88.568290734824
88.688099041534
89.122404153355
89.022563897764
89.40195686901
89.561701277955
89.50678913738
89.676517571885
45.217651757188
70.796725239617
80.441293929712
81.624400958466
84.165335463259
84.93410543131
86.132188498403
86.836062300319
87.265375399361
87.564896166134
88.148961661342
88.328674121406
88.443490415335
88.787939297125
89.037539936102
89.272164536741
89.367012779553
89.571685303514
89.481829073482
89.836261980831
46.700279552716
71.236022364217
79.457867412141
82.383186900958
84.270167731629
85.213658146965
85.962460063898
86.885982428115
86.651357827476
87.470047923323
88.178913738019
88.074081469649
88.303714057508
88.718051118211
88.748003194888
89.017571884984
88.927715654952
89.406948881789
89.431908945687
89.576677316294
49.525758785942
73.647164536741
79.188298722045
82.048722044728
83.760982428115
85.403354632588
86.102236421725
86.596445686901
87.17052715655
87.340255591054
87.894369009585
88.228833865815
88.603234824281
88.433506389776
88.967651757188
88.867811501597
89.212260383387
89.272164536741
89.571685303514
89.556709265176
48.522364217252
71.705271565495
78.414536741214
82.562899361022
84.1553514377
84.774361022364
85.528154952077
86.566493610224
87.045726837061
87.534944089457
87.784544728435
88.178913738019
88.473442492013
88.338658146965
88.797923322684
89.102436102236
89.017571884984
89.39696485623
89.516773162939
89.591653354633
48.033146964856
71.101238019169
77.820487220447
82.303314696486
83.526357827476
84.989017571885
86.05231629393
86.72124600639
87.060702875399
87.539936102236
87.83945686901
88.178913738019
88.308706070288
88.877795527157
88.807907348243
89.002595846645
89.252196485623
89.347044728435
89.381988817891
89.451876996805
48.77695686901
73.826876996805
78.309704472843
81.414736421725
83.291733226837
85.258586261981
86.027356230032
86.746206070288
87.020766773163
87.774560702875
87.83945686901
88.258785942492
88.578274760383
88.762979233227
89.017571884984
89.082468051118
89.17731629393
89.606629392971
89.591653354633
89.866214057508
48.751996805112
72.389177316294
79.343051118211
82.463059105431
83.910742811502
85.558107028754
85.992412140575
86.681309904153
87.190495207668
87.764576677316
87.819488817891
88.009185303514
88.718051118211
88.678115015974
88.812899361022
89.367012779553
89.237220447284
89.337060702875
89.536741214058
89.571685303514
46.485623003195
72.09964057508
79.527755591054
82.527955271565
83.516373801917
84.624600638978
86.172124600639
86.691293929712
86.910942492013
87.49500798722
87.804512779553
88.258785942492
88.208865814696
88.703075079872
88.767971246006
89.012579872204
89.17731629393
89.347044728435
89.461861022364
89.626597444089
47.858426517572
73.562300319489
79.093450479233
81.449680511182
84.310103833866
84.93410543131
85.697883386581
86.866014376997
86.741214057508
87.315295527157
87.879392971246
88.208865814696
88.248801916933
88.638178913738
88.792931309904
88.972643769968
89.192292332268
89.342052715655
89.576677316294
89.771365814696
46.176118210863
71.865015974441
80.596046325879
82.722643769968
84.165335463259
85.408346645367
86.561501597444
86.561501597444
87.360223642173
87.7196485623
87.929313099042
88.089057507987
88.583266773163
88.693091054313
89.082468051118
89.037539936102
89.222244408946
89.431908945687
89.761381789137
89.641573482428
46.101238019169
71.675319488818
78.204872204473
81.948881789137
84.509784345048
84.569688498403
85.887579872204
86.152156549521
87.245407348243
87.654752396166
87.939297124601
88.128993610224
88.608226837061
88.962659744409
88.757987220447
89.017571884984
89.272164536741
89.307108626198
89.496805111821
89.886182108626
47.893370607029
72.044728434505
76.986821086262
80.820686900958
83.14197284345
84.634584664537
85.692891373802
86.057308306709
86.866014376997
87.310303514377
87.794528753994
88.044129392971
88.413538338658
88.61321884984
88.782947284345
88.772963258786
89.257188498403
89.332068690096
89.566693290735
89.586661341853
46.275958466454
71.09624600639
78.90375399361
81.764177316294
84.025559105431
85.223642172524
85.877595846645
86.796126198083
86.806110223642
87.245407348243
87.82947284345
88.188897763578
88.368610223642
88.628194888179
88.787939297125
89.05750798722
89.277156549521
89.386980830671
89.337060702875
89.426916932907
46.690295527157
70.572084664537
77.196485623003
81.80910543131
84.564696485623
85.26857028754
86.16214057508
86.955870607029
87.654752396166
87.2803514377
88.153953674121
88.488418530351
88.668130990415
88.982627795527
88.897763578275
89.267172523962
89.322084664537
89.456869009585
89.666533546326
89.751397763578
44.329073482428
72.553913738019
79.163338658147
82.333266773163
83.785942492013
84.804313099042
85.857627795527
86.72124600639
87.125599041534
87.320287539936
87.899361022364
88.019169329073
88.328674121406
88.782947284345
88.8428514377
88.942691693291
89.212260383387
89.292132587859
89.386980830671
89.631589456869
45.921525559105
71.695287539936
78.639177316294
81.494608626198
83.131988817891
85.098841853035
86.117212460064
86.546525559105
87.38518370607
87.480031948882
88.024161341853
88.124001597444
88.418530351438
88.61321884984
88.917731629393
89.102436102236
89.202276357827
89.307108626198
89.631589456869
89.721445686901
44.703474440895
71.20107827476
77.910343450479
81.669329073482
83.561301916933
84.434904153355
85.917531948882
86.316892971246
86.995806709265
87.230431309904
87.894369009585
87.789536741214
88.548322683706
88.418530351438
88.558306709265
88.957667731629
89.042531948882
89.132388178914
89.312100638978
89.50678913738
45.966453674121
71.410742811502
77.441094249201
81.110223642173
83.216853035144
85.15375399361
85.762779552716
86.346845047923
87.010782747604
87.624800319489
87.909345047923
88.124001597444
88.413538338658
88.61821086262
88.967651757188
89.077476038339
89.162340255591
89.317092651757
89.526757188498
89.681509584665
46.051317891374
71.795127795527
78.499400958466
82.14357028754
83.14197284345
85.203674121406
85.478234824281
86.61142172524
86.681309904153
87.355231629393
87.939297124601
88.084065495208
88.488418530351
88.683107028754
88.887779552716
88.967651757188
89.227236421725
89.292132587859
89.372004792332
89.61661341853
48.55231629393
72.09964057508
77.79053514377
81.709265175719
82.937300319489
84.844249201278
85.967452076677
85.842651757188
86.861022364217
87.460063897764
88.074081469649
88.079073482428
88.203873801917
88.678115015974
88.762979233227
89.042531948882
89.17731629393
89.376996805112
89.551717252396
89.866214057508
47.134584664537
72.459065495208
79.35303514377
81.898961661342
84.120407348243
85.518170926518
86.396765175719
86.990814696486
87.355231629393
87.814496805112
88.223841853035
88.213857827476
88.653154952077
88.902755591054
88.787939297125
89.17232428115
89.421924920128
89.237220447284
89.40195686901
89.661541533546
46.136182108626
72.748602236422
78.479432907348
81.24500798722
84.449880191693
85.358426517572
86.26697284345
86.636381789137
87.315295527157
87.524960063898
88.148961661342
88.233825878594
88.708067092652
88.738019169329
89.087460063898
89.327076677316
89.342052715655
89.576677316294
89.61661341853
89.601637380192
48.2178514377
71.20107827476
78.284744408946
81.324880191693
84.519768370607
84.639576677316
86.117212460064
86.706269968051
87.310303514377
87.809504792332
87.849440894569
88.138977635783
88.513378594249
88.8428514377
88.782947284345
89.362020766773
89.127396166134
89.337060702875
89.446884984026
89.781349840256
46.455670926518
70.861621405751
79.053514376997
81.869009584665
83.546325878594
84.979033546326
85.812699680511
86.127196485623
87.150559105431
87.395167731629
87.764576677316
88.148961661342
88.423522364217
88.658146964856
88.663138977636
89.072484025559
89.132388178914
89.386980830671
89.332068690096
89.466853035144
46.505591054313
72.474041533546
78.833865814696
81.604432907348
84.105431309904
84.814297124601
85.807707667732
86.72124600639
87.215455271565
87.664736421725
87.7196485623
88.024161341853
88.50838658147
88.72304313099
88.797923322684
89.357028753994
89.327076677316
89.347044728435
89.471845047923
89.711461661342
45.771765175719
71.181110223642
78.913738019169
82.233426517572
83.895766773163
85.15375399361
86.242012779553
86.726238019169
87.130591054313
87.784544728435
87.874400958466
88.39357028754
88.583266773163
88.448482428115
88.882787539936
88.987619808307
89.491813099042
89.252196485623
89.39696485623
89.421924920128
46.884984025559
72.508985623003
77.34624600639
81.58945686901
83.900758785942
84.889177316294
85.518170926518
85.902555910543
87.270367412141
87.415135782748
87.929313099042
88.178913738019
88.353634185304
88.708067092652
88.708067092652
89.202276357827
89.202276357827
89.501797124601
89.551717252396
89.901158146965
45.796725239617
71.410742811502
79.303115015974
81.47464057508
84.04552715655
84.839257188498
86.416733226837
86.16214057508
87.190495207668
87.629792332268
87.994209265176
88.124001597444
88.323682108626
88.448482428115
88.812899361022
88.94768370607
89.292132587859
89.2821485623
89.516773162939
89.716453674121
45.776757188498
70.372404153355
78.01018370607
81.609424920128
83.775958466454
84.989017571885
85.847643769968
86.436701277955
87.105630990415
87.425119808307
87.94428913738
88.248801916933
88.378594249201
88.688099041534
88.877795527157
89.092452076677
89.097444089457
89.421924920128
89.182308306709
89.596645367412
48.537340255591
70.507188498403
77.950279552716
81.58446485623
84.335063897764
84.584664536741
86.16214057508
86.341853035144
87.135583067093
87.974241214058
87.654752396166
88.528354632588
88.563298722045
88.323682108626
88.787939297125
89.162340255591
89.247204472843
89.386980830671
89.726437699681
89.791333865815
47.379193290735
71.565495207668
78.100039936102
82.493011182109
83.017172523962
84.854233226837
85.553115015974
86.516573482428
86.786142172524
87.285343450479
87.889376996805
87.909345047923
88.143969648562
88.743011182109
88.972643769968
89.087460063898
88.862819488818
89.486821086262
89.541733226837
89.906150159744
45.437300319489
72.129592651757
78.214856230032
81.369808306709
83.865814696486
84.669528753994
85.627995207668
86.356829073482
87.05071884984
87.360223642173
87.83945686901
88.099041533546
88.528354632588
88.553314696486
88.832867412141
88.807907348243
89.037539936102
89.426916932907
89.372004792332
89.596645367412
45.821685303514
70.102835463259
78.68410543131
81.414736421725
83.506389776358
84.48981629393
86.057308306709
86.646365814696
86.811102236422
87.465055910543
87.994209265176
88.333666134185
88.213857827476
88.668130990415
88.708067092652
89.217252396166
89.441892971246
89.411940894569
89.461861022364
89.706469648562
48.297723642173
72.039736421725
78.23981629393
81.394768370607
83.331669329073
84.554712460064
86.022364217252
86.476637380192
86.641373801917
87.450079872204
87.694688498403
87.959265175719
88.343650159744
88.862819488818
88.767971246006
89.042531948882
89.007587859425
89.411940894569
89.751397763578
89.40195686901
45.721845047923
70.726837060703
76.777156549521
82.053714057508
84.355031948882
84.739416932907
85.9375
86.556509584665
87.290335463259
87.410143769968
87.864416932907
87.969249201278
88.488418530351
88.772963258786
88.683107028754
89.167332268371
89.197284345048
89.292132587859
89.526757188498
89.84624600639
47.678714057508
72.628793929712
79.617611821086
80.845646964856
83.576277955272
85.083865814696
86.222044728435
86.087260383387
87.17052715655
87.624800319489
87.889376996805
88.378594249201
88.333666134185
88.61821086262
89.267172523962
88.957667731629
89.142372204473
89.551717252396
89.51178115016
89.921126198083
48.911741214058
69.438897763578
78.479432907348
81.015375399361
83.59125399361
85.04392971246
86.326876996805
86.481629392971
87.025758785942
87.72464057508
87.649760383387
88.468450479233
88.463458466454
88.623202875399
88.917731629393
89.077476038339
89.137380191693
89.461861022364
89.641573482428
89.751397763578
45.746805111821
71.111222044728
77.111621405751
81.444688498403
83.48142971246
85.413338658147
85.94249201278
86.556509584665
87.095646964856
87.300319488818
88.074081469649
88.228833865815
88.313698083067
88.94768370607
88.927715654952
89.077476038339
89.017571884984
89.50678913738
89.586661341853
89.661541533546
46.740215654952
72.643769968051
77.466054313099
80.655950479233
83.531349840256
84.874201277955
86.037340255591
86.506589456869
87.070686900958
87.38518370607
87.634784345048
88.019169329073
88.213857827476
88.762979233227
88.867811501597
89.052515974441
89.097444089457
89.077476038339
89.656549520767
89.671525559105
47.034744408946
69.593650159744
76.90195686901
80.57607827476
82.622803514377
84.250199680511
85.742811501597
86.296924920128
86.656349840256
87.185503194888
87.569888178914
88.16892971246
88.158945686901
88.313698083067
88.95267571885
89.052515974441
89.232228434505
89.162340255591
89.192292332268
89.51178115016
44.274161341853
68.934704472843
77.915335463259
81.299920127796
83.286741214058
84.255191693291
85.927515974441
86.147164536741
87.300319488818
87.509984025559
87.574880191693
87.989217252396
88.313698083067
88.648162939297
88.678115015974
88.777955271565
89.456869009585
89.337060702875
89.272164536741
89.491813099042
48.477436102236
70.706869009585
77.935303514377
82.043730031949
83.92571884984
85.677915335463
86.002396166134
86.706269968051
87.61481629393
87.869408945687
88.05411341853
88.238817891374
88.603234824281
88.822883386581
88.982627795527
89.002595846645
89.05750798722
89.426916932907
89.756389776358
89.686501597444
48.687100638978
70.152755591054
79.078474440895
81.055311501597
83.421525559105
85.872603833866
85.927515974441
86.846046325879
87.430111821086
87.599840255591
88.069089456869
88.148961661342
88.683107028754
88.797923322684
88.972643769968
89.187300319489
89.406948881789
89.671525559105
89.776357827476
89.586661341853
47.139576677316
70.387380191693
77.690694888179
81.644369009585
83.855830670927
84.959065495208
85.568091054313
86.71625399361
87.100638977636
87.395167731629
88.034145367412
88.069089456869
88.513378594249
88.598242811502
88.987619808307
88.892771565495
89.257188498403
89.416932907348
89.372004792332
89.776357827476
46.745207667732
69.808306709265
77.271365814696
81.928913738019
83.361621405751
84.639576677316
85.907547923323
86.731230031949
86.701277955272
87.180511182109
87.534944089457
87.924321086262
88.518370607029
88.608226837061
88.83785942492
88.772963258786
88.917731629393
89.446884984026
89.322084664537
89.322084664537
45.407348242812
70.062899361022
77.476038338658
80.526158146965
83.431509584665
84.649560702875
85.697883386581
86.49660543131
87.190495207668
86.925918530351
87.709664536741
88.303714057508
88.009185303514
88.668130990415
88.323682108626
89.0625
89.50678913738
89.257188498403
89.541733226837
89.50678913738
47.089656549521
70.726837060703
78.154952076677
81.205071884984
83.910742811502
85.523162939297
85.518170926518
86.741214057508
87.000798722045
87.415135782748
88.014177316294
88.024161341853
88.328674121406
88.573282747604
88.752995207668
89.362020766773
89.28714057508
89.17731629393
89.50678913738
89.481829073482
47.344249201278
68.290734824281
78.843849840256
81.888977635783
83.341653354633
84.689496805112
85.692891373802
86.242012779553
86.885982428115
87.410143769968
87.844448881789
88.104033546326
88.323682108626
88.538338658147
88.892771565495
88.892771565495
89.17731629393
89.277156549521
89.347044728435
89.701477635783
46.151158146965
71.011381789137
78.025159744409
81.604432907348
83.326677316294
84.479832268371
85.583067092652
86.102236421725
86.801118210863
87.2803514377
87.659744408946
88.109025559105
88.163937699681
88.72803514377
88.797923322684
88.907747603834
89.052515974441
89.162340255591
89.381988817891
89.521765175719
46.949880191693
70.851637380192
76.976837060703
82.403154952077
82.92731629393
85.123801916933
85.308506389776
86.27196485623
87.115615015974
87.215455271565
87.959265175719
88.05910543131
88.478434504792
88.518370607029
88.872803514377
89.162340255591
89.347044728435
89.446884984026
89.551717252396
89.561701277955
47.20946485623
70.402356230032
78.12999201278
82.502995207668
82.537939297125
85.498202875399
85.952476038339
86.062300319489
87.000798722045
87.105630990415
87.604832268371
88.039137380192
88.158945686901
88.628194888179
88.95267571885
88.857827476038
89.162340255591
89.017571884984
89.61661341853
89.73142971246
44.044528753994
71.875
78.599241214058
81.369808306709
84.005591054313
85.358426517572
85.662939297125
86.621405750799
87.265375399361
87.375199680511
88.453474440895
88.27875399361
88.598242811502
88.648162939297
88.987619808307
89.212260383387
89.367012779553
89.626597444089
89.51178115016
89.641573482428
51.327875399361
69.558706070288
76.697284345048
81.674321086262
82.612819488818
84.409944089457
85.642971246006
85.847643769968
86.965854632588
87.035742811502
87.674720447284
87.744608626198
88.623202875399
88.438498402556
88.987619808307
88.83785942492
89.007587859425
89.381988817891
89.39197284345
89.536741214058
45.127795527157
69.723442492013
77.705670926518
82.023761980831
83.716054313099
84.679512779553
85.697883386581
86.960862619808
86.871006389776
87.644768370607
87.824480830671
88.203873801917
88.668130990415
88.852835463259
88.872803514377
89.222244408946
89.39197284345
89.461861022364
89.686501597444
89.726437699681
48.846845047923
69.878194888179
78.729033546326
81.150159744409
83.770966453674
85.38338658147
86.082268370607
86.251996805112
87.120607028754
87.639776357827
87.709664536741
88.084065495208
88.61821086262
88.478434504792
88.738019169329
89.17232428115
89.162340255591
89.322084664537
89.372004792332
89.581669329073
47.0946485623
71.360822683706
78.404552715655
82.058706070288
83.995607028754
85.118809904153
85.627995207668
86.875998402556
87.015774760383
87.639776357827
87.784544728435
87.94928115016
88.313698083067
88.628194888179
88.992611821086
88.982627795527
89.362020766773
89.142372204473
89.536741214058
89.791333865815
47.873402555911
70.387380191693
76.572484025559
81.978833865815
83.166932907348
85.203674121406
85.882587859425
86.506589456869
87.125599041534
87.629792332268
87.964257188498
88.089057507987
88.673123003195
88.95267571885
88.782947284345
89.167332268371
89.496805111821
89.421924920128
89.821285942492
89.40195686901
44.693490415335
70.022963258786
77.45607028754
81.329872204473
82.937300319489
84.914137380192
85.632987220447
86.132188498403
86.816094249201
87.310303514377
87.924321086262
87.869408945687
88.17392172524
88.673123003195
88.738019169329
89.082468051118
89.022563897764
89.441892971246
89.476837060703
89.426916932907
45.372404153355
70.567092651757
78.339656549521
82.193490415335
83.381589456869
85.992412140575
85.403354632588
87.185503194888
87.105630990415
87.544928115016
87.974241214058
88.38857827476
88.163937699681
88.992611821086
88.94768370607
89.087460063898
89.157348242812
89.451876996805
89.496805111821
89.741413738019
47.528953674121
69.369009584665
77.715654952077
82.747603833866
83.381589456869
85.143769968051
85.647963258786
87.480031948882
87.100638977636
87.400159744409
87.554912140575
88.603234824281
88.403554313099
88.533346645367
88.832867412141
89.087460063898
89.06749201278
89.022563897764
89.431908945687
89.561701277955
48.816892971246
71.550519169329
79.108426517572
81.504592651757
83.421525559105
85.003993610224
86.346845047923
86.521565495208
87.070686900958
88.089057507987
87.689696485623
88.553314696486
88.453474440895
88.817891373802
88.782947284345
89.272164536741
89.39696485623
89.666533546326
89.28714057508
89.84624600639
46.041333865815
71.101238019169
77.830471246006
81.569488817891
83.651158146965
84.794329073482
85.802715654952
86.366813099042
86.501597444089
87.859424920128
87.704672523962
88.044129392971
88.413538338658
88.483426517572
88.847843450479
88.887779552716
89.446884984026
89.332068690096
89.721445686901
89.546725239617
47.818490415335
67.851437699681
77.101637380192
81.439696485623
82.512979233227
85.003993610224
85.518170926518
86.471645367412
86.706269968051
87.315295527157
87.789536741214
87.974241214058
88.568290734824
88.663138977636
88.787939297125
88.922723642173
89.17731629393
89.631589456869
89.39696485623
89.756389776358
48.88178913738
67.731629392971
77.67571884984
81.070287539936
83.012180511182
85.023961661342
84.864217252396
86.756190095847
86.910942492013
87.330271565495
87.94428913738
87.994209265176
88.72803514377
88.8428514377
88.872803514377
88.922723642173
89.267172523962
89.262180511182
89.711461661342
89.661541533546
48.202875399361
72.089656549521
77.755591054313
82.113618210863
83.646166134185
85.358426517572
85.882587859425
86.596445686901
87.360223642173
87.954273162939
87.83945686901
88.308706070288
88.453474440895
89.06749201278
88.972643769968
89.162340255591
88.977635782748
89.666533546326
89.426916932907
89.861222044728
46.221046325879
70.142771565495
76.00838658147
81.010383386581
83.451477635783
84.414936102236
85.807707667732
86.286940894569
87.015774760383
87.045726837061
87.83446485623
88.313698083067
88.248801916933
88.8428514377
88.872803514377
89.39696485623
89.217252396166
89.431908945687
89.481829073482
90.015974440895
48.946685303514
70.796725239617
75.029952076677
81.988817891374
83.870806709265
85.033945686901
86.306908945687
86.27196485623
87.230431309904
87.425119808307
88.124001597444
88.208865814696
88.308706070288
88.633186900958
89.002595846645
89.117412140575
89.152356230032
89.232228434505
89.596645367412
89.84624600639
47.354233226837
70.487220447284
78.23981629393
81.684305111821
83.59624600639
83.93071086262
85.742811501597
86.571485623003
87.140575079872
87.355231629393
87.679712460064
88.318690095847
88.398562300319
88.398562300319
88.703075079872
89.072484025559
89.102436102236
89.406948881789
89.73642172524
89.556709265176
49.33107028754
70.781749201278
79.138378594249
81.299920127796
84.075479233227
84.92911341853
85.722843450479
86.746206070288
87.445087859425
87.619808306709
88.014177316294
88.428514376997
88.493410543131
88.897763578275
88.962659744409
89.162340255591
89.521765175719
89.516773162939
89.491813099042
89.771365814696
46.585463258786
68.535343450479
76.966853035144
80.705870607029
83.960662939297
84.539736421725
86.002396166134
86.316892971246
86.836062300319
87.485023961661
87.624800319489
87.969249201278
88.323682108626
88.428514376997
88.708067092652
89.142372204473
89.207268370607
89.277156549521
89.51178115016
89.491813099042
49.126397763578
71.475638977636
78.404552715655
82.692691693291
84.764376996805
84.909145367412
86.187100638978
86.726238019169
87.405151757188
87.759584664537
88.303714057508
88.518370607029
88.713059105431
89.022563897764
88.653154952077
89.267172523962
89.446884984026
89.561701277955
89.51178115016
89.666533546326
46.949880191693
70.557108626198
77.67571884984
80.571086261981
83.726038338658
85.518170926518
85.568091054313
86.591453674121
87.150559105431
87.030750798722
88.05411341853
88.248801916933
88.458466453674
88.673123003195
89.127396166134
89.152356230032
89.312100638978
89.272164536741
89.40195686901
89.716453674121
45.86661341853
71.071285942492
77.176517571885
81.784145367412
82.857428115016
84.684504792332
85.213658146965
86.401757188498
87.05071884984
87.200479233227
87.629792332268
88.128993610224
88.044129392971
88.468450479233
88.907747603834
88.762979233227
89.007587859425
89.441892971246
89.786341853035
89.531749201278
48.856829073482
70.027955271565
77.486022364217
81.419728434505
83.311701277955
84.524760383387
85.797723642173
86.441693290735
86.696285942492
87.929313099042
87.699680511182
87.94428913738
88.378594249201
88.787939297125
88.8428514377
88.992611821086
89.28714057508
89.317092651757
89.51178115016
89.781349840256
49.016573482428
70.387380191693
76.44768370607
82.108626198083
83.456469648562
84.859225239617
85.692891373802
86.436701277955
87.075678913738
87.38518370607
88.148961661342
88.019169329073
88.738019169329
88.408546325879
89.022563897764
89.217252396166
89.227236421725
89.546725239617
89.61661341853
89.491813099042
48.946685303514
69.513777955272
77.590854632588
80.111821086262
83.621206070288
84.055511182109
85.38338658147
86.511581469649
87.355231629393
87.130591054313
87.704672523962
88.203873801917
88.493410543131
88.373602236422
89.027555910543
89.042531948882
89.087460063898
89.551717252396
89.157348242812
89.746405750799
46.246006389776
70.352436102236
77.560902555911
81.0303514377
83.880790734824
84.604632587859
85.9375
86.541533546326
86.786142172524
87.040734824281
87.794528753994
88.573282747604
88.138977635783
88.72803514377
89.037539936102
89.06749201278
89.406948881789
89.307108626198
89.546725239617
89.466853035144
48.407547923323
70.327476038339
78.724041533546
82.283346645367
84.335063897764
86.062300319489
85.183706070288
86.591453674121
87.215455271565
87.684704472843
88.153953674121
87.959265175719
88.533346645367
88.782947284345
88.867811501597
89.117412140575
89.327076677316
89.451876996805
89.581669329073
89.671525559105
47.948282747604
72.354233226837
77.376198083067
80.655950479233
83.92571884984
84.48981629393
86.49161341853
86.366813099042
86.696285942492
87.420127795527
87.899361022364
88.05411341853
88.423522364217
88.897763578275
88.94768370607
89.252196485623
88.832867412141
89.202276357827
89.566693290735
90.090854632588
50.998402555911
69.943091054313
78.01517571885
81.020367412141
83.002196485623
84.989017571885
85.862619808307
85.947484025559
87.035742811502
87.195487220447
87.82947284345
87.934305111821
88.493410543131
88.328674121406
88.932707667732
89.207268370607
89.217252396166
89.571685303514
89.536741214058
89.676517571885
48.342651757188
67.96625399361
78.629193290735
81.404752396166
83.391573482428
85.313498402556
86.401757188498
86.04732428115
87.27535942492
87.654752396166
87.72464057508
88.348642172524
88.603234824281
88.942691693291
88.927715654952
89.292132587859
88.992611821086
89.62160543131
89.596645367412
89.671525559105
47.179512779553
68.814896166134
77.57088658147
82.383186900958
82.792531948882
85.458266773163
85.403354632588
86.741214057508
86.751198083067
87.744608626198
88.273761980831
88.343650159744
88.548322683706
88.757987220447
88.992611821086
89.097444089457
89.277156549521
89.681509584665
89.317092651757
89.476837060703
49.580670926518
70.806709265176
78.060103833866
81.060303514377
83.191892971246
84.794329073482
85.083865814696
86.102236421725
87.070686900958
87.350239616613
87.639776357827
88.069089456869
88.069089456869
88.598242811502
88.658146964856
89.112420127796
89.267172523962
88.957667731629
89.481829073482
89.367012779553
49.256190095847
70.332468051118
76.11821086262
82.243410543131
82.832468051118
85.04392971246
85.897563897764
85.962460063898
87.240415335463
87.490015974441
87.664736421725
88.218849840256
88.448482428115
88.772963258786
88.867811501597
89.002595846645
89.142372204473
89.332068690096
89.631589456869
89.761381789137
49.390974440895
70.447284345048
79.417931309904
81.180111821086
83.860822683706
84.529752396166
85.997404153355
85.892571884984
86.925918530351
87.574880191693
87.899361022364
88.124001597444
88.443490415335
88.907747603834
88.738019169329
89.317092651757
89.342052715655
89.51178115016
89.411940894569
90.045926517572
50.504193290735
70.272563897764
77.076677316294
81.943889776358
83.631190095847
84.644568690096
85.642971246006
86.756190095847
86.94089456869
87.060702875399
87.794528753994
88.223841853035
88.483426517572
88.673123003195
88.762979233227
88.902755591054
89.132388178914
89.312100638978
89.40195686901
89.611621405751
49.191293929712
71.575479233227
77.610822683706
82.802515974441
83.795926517572
84.419928115016
86.222044728435
86.237020766773
87.490015974441
87.415135782748
87.654752396166
88.148961661342
88.373602236422
88.787939297125
88.8428514377
89.042531948882
89.162340255591
89.297124600639
89.50678913738
89.921126198083
47.379193290735
69.054512779553
77.251397763578
80.700878594249
82.8125
84.989017571885
85.812699680511
86.306908945687
87.045726837061
87.295327476038
87.774560702875
88.61321884984
88.258785942492
88.403554313099
88.937699680511
88.917731629393
89.272164536741
89.431908945687
89.386980830671
89.986022364217
47.299321086262
70.766773162939
78.194888178914
82.418130990415
82.967252396166
85.203674121406
85.627995207668
86.646365814696
86.376797124601
87.864416932907
87.794528753994
88.128993610224
88.593250798722
88.743011182109
88.688099041534
89.39197284345
89.212260383387
89.576677316294
89.651557507987
89.456869009585
47.748602236422
69.728434504792
76.372803514377
81.839057507987
84.115415335463
84.724440894569
86.042332268371
87.250399361022
86.736222044728
87.714656549521
88.153953674121
88.05910543131
88.588258785942
88.72304313099
89.39197284345
89.242212460064
89.222244408946
89.541733226837
89.941094249201
89.531749201278
45.122803514377
69.748402555911
77.496006389776
81.869009584665
83.017172523962
85.60802715655
85.48821884984
86.441693290735
87.17052715655
87.514976038339
87.689696485623
88.258785942492
88.403554313099
88.638178913738
88.633186900958
89.162340255591
89.142372204473
89.556709265176
89.406948881789
89.766373801917
47.489017571885
70.911541533546
78.778953674121
81.629392971246
83.416533546326
85.328474440895
85.278554313099
86.950878594249
86.995806709265
87.38518370607
88.178913738019
88.183905750799
88.363618210863
88.603234824281
88.897763578275
89.272164536741
89.122404153355
89.516773162939
89.881190095847
89.816293929712
48.023162939297
68.001198083067
76.67232428115
81.304912140575
83.421525559105
84.619608626198
85.388378594249
86.172124600639
86.885982428115
87.410143769968
87.460063897764
88.38857827476
88.27875399361
88.787939297125
88.61321884984
88.882787539936
89.381988817891
89.077476038339
89.481829073482
89.826277955272
47.229432907348
71.705271565495
76.862020766773
80.341453674121
82.038738019169
84.664536741214
85.243610223642
86.366813099042
86.591453674121
87.185503194888
88.133985623003
87.61481629393
88.273761980831
88.658146964856
88.752995207668
88.822883386581
89.072484025559
89.821285942492
89.551717252396
89.531749201278
48.197883386581
70.337460063898
77.156549520767
80.815694888179
82.977236421725
84.649560702875
86.581469648562
85.817691693291
87.090654952077
87.375199680511
88.213857827476
87.899361022364
88.50838658147
88.932707667732
88.94768370607
89.481829073482
89.022563897764
89.456869009585
89.481829073482
89.776357827476
45.287539936102
68.695087859425
77.366214057508
81.898961661342
82.677715654952
84.70447284345
85.613019169329
86.346845047923
87.015774760383
87.440095846645
88.158945686901
88.094049520767
88.553314696486
88.738019169329
89.027555910543
89.227236421725
89.421924920128
89.596645367412
89.411940894569
89.726437699681
49.006589456869
69.728434504792
78.030151757188
80.985423322684
82.92731629393
85.063897763578
85.962460063898
85.977436102236
86.990814696486
87.564896166134
87.82947284345
88.383586261981
88.074081469649
88.932707667732
88.50838658147
89.162340255591
89.302116613419
89.242212460064
90.020966453674
89.347044728435
48.417531948882
70.831669329073
76.772164536741
81.704273162939
82.193490415335
85.313498402556
85.238618210863
86.536541533546
87.175519169329
87.455071884984
87.694688498403
88.288738019169
88.573282747604
88.782947284345
89.002595846645
88.922723642173
89.217252396166
89.381988817891
89.756389776358
89.766373801917
49.071485623003
70.901557507987
75.374400958466
81.509584664537
81.859025559105
85.103833865815
85.063897763578
86.72124600639
86.177116613419
87.709664536741
87.784544728435
88.119009584665
88.483426517572
88.673123003195
88.713059105431
89.072484025559
89.456869009585
89.486821086262
89.471845047923
89.821285942492
47.134584664537
68.670127795527
78.474440894569
80.526158146965
83.905750798722
84.090455271565
86.396765175719
86.970846645367
86.925918530351
88.004193290735
87.679712460064
88.049121405751
88.73302715655
88.498402555911
88.852835463259
89.017571884984
89.182308306709
89.362020766773
89.691493610224
89.601637380192
49.590654952077
66.703274760383
78.524361022364
81.844049520767
83.81589456869
84.629592651757
85.413338658147
86.591453674121
87.140575079872
87.490015974441
88.303714057508
87.694688498403
88.533346645367
88.817891373802
88.73302715655
89.107428115016
89.461861022364
89.421924920128
89.421924920128
89.62160543131
46.6553514377
69.094448881789
77.885383386581
80.92052715655
82.987220447284
83.940694888179
85.513178913738
86.361821086262
87.000798722045
87.864416932907
87.140575079872
88.188897763578
88.628194888179
88.653154952077
88.927715654952
89.132388178914
89.097444089457
89.671525559105
89.641573482428
89.521765175719
48.612220447284
70.327476038339
76.712260383387
80.770766773163
82.298322683706
84.689496805112
85.358426517572
86.786142172524
86.601437699681
87.819488817891
87.994209265176
88.148961661342
88.483426517572
89.322084664537
88.623202875399
89.207268370607
89.312100638978
89.372004792332
89.541733226837
90.000998402556
47.224440894569
69.428913738019
78.79392971246
81.100239616613
82.902356230032
84.989017571885
85.892571884984
86.71625399361
86.94588658147
87.005790734824
88.223841853035
88.05910543131
88.757987220447
88.598242811502
88.907747603834
89.227236421725
89.476837060703
89.551717252396
89.701477635783
89.636581469649
46.6553514377
71.32088658147
78.943690095847
81.36481629393
84.165335463259
85.068889776358
86.122204472843
85.632987220447
87.085662939297
87.7196485623
87.83945686901
88.009185303514
88.418530351438
88.61321884984
88.812899361022
88.977635782748
89.072484025559
89.516773162939
89.317092651757
89.641573482428
46.515575079872
70.721845047923
78.204872204473
82.418130990415
83.686102236422
84.754392971246
86.336861022364
85.7178514377
86.766174121406
87.619808306709
87.759584664537
88.074081469649
88.28374600639
88.548322683706
88.957667731629
89.027555910543
89.072484025559
89.232228434505
89.891174121406
89.586661341853
46.740215654952
69.818290734824
76.502595846645
81.294928115016
84.389976038339
84.37000798722
86.227036741214
85.458266773163
87.559904153355
87.455071884984
88.039137380192
87.804512779553
88.084065495208
88.787939297125
89.242212460064
88.957667731629
89.072484025559
89.332068690096
89.242212460064
89.601637380192
45.98142971246
70.622004792332
77.401158146965
81.424720447284
82.932308306709
84.624600638978
85.812699680511
86.376797124601
87.200479233227
87.340255591054
87.844448881789
88.248801916933
88.353634185304
88.653154952077
89.212260383387
89.322084664537
89.227236421725
89.277156549521
89.746405750799
89.62160543131
50.723841853035
69.798322683706
77.985223642173
81.913937699681
83.646166134185
85.148761980831
86.067292332268
86.002396166134
87.335263578275
87.679712460064
88.303714057508
88.328674121406
88.907747603834
88.488418530351
89.212260383387
89.277156549521
89.257188498403
89.591653354633
89.337060702875
89.906150159744
43.904752396166
71.186102236422
78.818889776358
81.409744408946
82.782547923323
85.922523961661
85.098841853035
86.636381789137
87.405151757188
87.010782747604
88.248801916933
87.689696485623
88.897763578275
88.553314696486
88.94768370607
89.027555910543
89.102436102236
89.666533546326
89.606629392971
89.726437699681
48.003194888179
67.042731629393
78.080071884984
79.80231629393
82.423123003195
85.163738019169
85.088857827476
85.917531948882
87.045726837061
87.485023961661
87.804512779553
87.969249201278
88.403554313099
88.678115015974
88.927715654952
88.83785942492
89.596645367412
89.421924920128
89.576677316294
89.931110223642
48.562300319489
69.374001597444
78.149960063898
81.47464057508
83.171924920128
84.055511182109
85.578075079872
86.72124600639
86.616413738019
87.090654952077
87.939297124601
87.814496805112
88.50339456869
88.72803514377
88.418530351438
88.907747603834
89.277156549521
89.242212460064
89.50678913738
89.766373801917
47.229432907348
71.65035942492
78.729033546326
81.774161341853
84.220247603834
84.859225239617
86.426717252396
86.127196485623
87.584864217252
87.270367412141
88.468450479233
88.303714057508
88.802915335463
88.673123003195
89.147364217252
89.112420127796
89.551717252396
89.471845047923
89.681509584665
89.911142172524
46.345846645367
72.474041533546
78.040135782748
81.369808306709
83.236821086262
84.82428115016
85.443290734824
86.421725239617
87.210463258786
87.220447284345
88.114017571885
88.119009584665
88.882787539936
88.483426517572
89.137380191693
89.052515974441
89.222244408946
89.431908945687
89.267172523962
89.866214057508
47.179512779553
68.63518370607
77.730630990415
81.594448881789
83.551317891374
84.26018370607
86.486621405751
86.71625399361
87.529952076677
87.415135782748
88.398562300319
88.573282747604
88.573282747604
88.752995207668
89.17232428115
89.277156549521
89.082468051118
89.986022364217
89.696485623003
89.726437699681
46.924920127796
68.5303514377
77.081669329073
81.539536741214
83.421525559105
83.691094249201
86.102236421725
86.646365814696
87.225439297125
87.415135782748
88.099041533546
88.029153354633
88.094049520767
88.528354632588
88.807907348243
88.937699680511
89.721445686901
89.232228434505
89.591653354633
89.526757188498
48.472444089457
68.735023961661
77.481030351438
80.506190095847
82.667731629393
85.063897763578
84.999001597444
86.092252396166
87.030750798722
87.090654952077
87.864416932907
88.653154952077
88.178913738019
88.927715654952
88.558306709265
89.102436102236
89.072484025559
89.421924920128
89.521765175719
89.806309904153
48.44249201278
72.553913738019
77.486022364217
81.005391373802
83.666134185304
84.559704472843
85.568091054313
86.61142172524
87.38518370607
87.425119808307
87.979233226837
88.163937699681
88.273761980831
88.668130990415
89.386980830671
89.042531948882
89.332068690096
89.362020766773
89.606629392971
89.521765175719
46.086261980831
70.262579872204
78.699081469649
81.175119808307
83.795926517572
85.198682108626
84.779353035144
86.601437699681
87.82947284345
87.689696485623
87.979233226837
88.119009584665
88.458466453674
88.683107028754
88.992611821086
88.982627795527
89.426916932907
89.092452076677
89.61661341853
89.571685303514
45.701876996805
70.477236421725
78.709065495208
81.02535942492
83.536341853035
85.7178514377
86.137180511182
86.836062300319
87.120607028754
87.514976038339
88.218849840256
88.633186900958
88.373602236422
89.06749201278
89.327076677316
89.17232428115
89.466853035144
89.651557507987
89.871206070288
89.876198083067
43.889776357827
70.806709265176
79.083466453674
80.391373801917
83.396565495208
84.924121405751
84.954073482428
86.501597444089
86.776158146965
87.49500798722
87.674720447284
87.999201277955
88.832867412141
88.623202875399
88.897763578275
89.087460063898
89.337060702875
89.337060702875
89.591653354633
89.881190095847
47.189496805112
71.390774760383
78.778953674121
80.081869009585
84.574680511182
85.38338658147
85.468250798722
86.641373801917
87.355231629393
87.509984025559
87.639776357827
88.628194888179
88.428514376997
88.698083067093
89.267172523962
89.471845047923
89.087460063898
89.501797124601
89.761381789137
89.826277955272
48.472444089457
72.309305111821
78.259784345048
80.586062300319
83.750998402556
84.629592651757
85.847643769968
86.296924920128
87.245407348243
87.674720447284
88.183905750799
88.223841853035
88.792931309904
89.0625
89.257188498403
89.222244408946
89.546725239617
89.596645367412
89.991014376997
89.586661341853
47.513977635783
72.20946485623
76.946884984026
80.226637380192
82.707667731629
85.513178913738
86.237020766773
86.187100638978
87.245407348243
87.355231629393
88.253793929712
88.009185303514
88.738019169329
88.588258785942
89.087460063898
88.867811501597
89.207268370607
89.626597444089
89.531749201278
89.836261980831
49.720447284345
68.86481629393
77.500998402556
80.830670926518
82.423123003195
84.644568690096
85.558107028754
86.486621405751
87.175519169329
87.405151757188
87.629792332268
88.258785942492
88.563298722045
88.827875399361
89.112420127796
89.262180511182
89.192292332268
89.571685303514
89.536741214058
89.906150159744
50.294528753994
68.764976038339
78.199880191693
81.624400958466
83.850838658147
83.865814696486
86.251996805112
86.576477635783
86.935902555911
87.405151757188
88.243809904153
88.253793929712
88.713059105431
88.288738019169
88.972643769968
89.112420127796
89.51178115016
89.441892971246
89.721445686901
89.556709265176
48.177915335463
70.562100638978
77.630790734824
80.640974440895
83.576277955272
84.609624600639
85.817691693291
86.356829073482
87.115615015974
87.544928115016
87.644768370607
88.263777955272
88.543330670927
88.787939297125
89.162340255591
88.797923322684
89.456869009585
89.386980830671
89.441892971246
89.411940894569
46.171126198083
69.428913738019
76.357827476038
81.055311501597
83.681110223642
84.979033546326
85.323482428115
87.375199680511
86.776158146965
87.554912140575
87.784544728435
88.308706070288
88.004193290735
88.72803514377
88.94768370607
89.307108626198
89.032547923323
89.73142971246
89.307108626198
89.851238019169
46.285942492013
69.179313099042
80.166733226837
80.965455271565
83.37160543131
84.544728434505
85.303514376997
86.866014376997
86.731230031949
87.225439297125
87.7196485623
88.238817891374
88.453474440895
88.403554313099
88.738019169329
88.847843450479
89.746405750799
89.112420127796
89.367012779553
89.556709265176
48.048123003195
69.708466453674
78.669129392971
81.329872204473
83.965654952077
84.549720447284
86.062300319489
86.256988817891
87.225439297125
87.539936102236
87.769568690096
88.73302715655
88.478434504792
88.752995207668
89.137380191693
89.0625
89.362020766773
89.421924920128
89.73642172524
89.73142971246
45.926517571885
69.653554313099
78.379592651757
81.25
82.852436102236
84.749400958466
86.092252396166
86.436701277955
87.634784345048
87.654752396166
87.814496805112
87.979233226837
88.338658146965
88.782947284345
89.092452076677
89.481829073482
88.812899361022
89.61661341853
89.61661341853
89.481829073482
48.587260383387
70.567092651757
77.131589456869
81.679313099042
83.276757188498
85.04392971246
85.807707667732
86.641373801917
86.501597444089
87.604832268371
87.809504792332
88.029153354633
88.368610223642
88.673123003195
88.693091054313
89.431908945687
89.322084664537
89.40195686901
89.696485623003
89.746405750799
47.479033546326
68.784944089457
76.966853035144
81.304912140575
83.741014376997
83.910742811502
85.847643769968
85.997404153355
87.015774760383
87.485023961661
87.539936102236
88.378594249201
88.014177316294
88.802915335463
88.762979233227
89.272164536741
89.28714057508
89.022563897764
89.566693290735
89.716453674121
45.492212460064
69.97304313099
78.125
81.963857827476
83.461461661342
85.623003194888
84.964057507987
86.836062300319
86.915934504792
87.305311501597
87.589856230032
88.468450479233
88.408546325879
88.558306709265
88.982627795527
88.982627795527
89.087460063898
89.357028753994
89.416932907348
90.000998402556
50.614017571885
69.688498402556
78.744009584665
81.240015974441
83.122004792332
85.458266773163
86.05231629393
86.341853035144
87.215455271565
87.734624600639
88.333666134185
88.233825878594
88.957667731629
88.817891373802
88.882787539936
89.122404153355
89.51178115016
89.431908945687
89.217252396166
89.911142172524
48.512380191693
68.75
79.008586261981
80.935503194888
82.572883386581
85.148761980831
85.468250798722
86.706269968051
87.420127795527
87.714656549521
87.400159744409
87.849440894569
88.243809904153
88.867811501597
89.222244408946
88.523362619808
88.992611821086
89.376996805112
89.62160543131
89.801317891374
46.835063897764
68.844848242812
76.692292332268
80.870607028754
83.107028753994
84.384984025559
85.173722044728
86.970846645367
86.371805111821
87.49500798722
87.529952076677
88.258785942492
88.458466453674
88.817891373802
88.688099041534
88.882787539936
89.312100638978
89.561701277955
89.217252396166
89.761381789137
49.585662939297
72.049720447284
77.301317891374
80.630990415335
83.601238019169
85.448282747604
85.548123003195
86.776158146965
87.430111821086
87.465055910543
87.94428913738
88.468450479233
88.638178913738
88.942691693291
88.802915335463
89.162340255591
89.641573482428
89.107428115016
89.51178115016
90.080870607029
46.835063897764
70.337460063898
78.269768370607
81.075279552716
83.112020766773
84.025559105431
86.446685303514
86.227036741214
86.771166134185
87.684704472843
87.714656549521
88.27875399361
88.708067092652
88.423522364217
88.977635782748
89.252196485623
89.302116613419
89.376996805112
89.816293929712
89.676517571885
48.597244408946
69.968051118211
76.307907348243
81.454672523962
83.067092651757
84.914137380192
85.248602236422
86.621405750799
86.94588658147
87.485023961661
88.143969648562
88.298722044728
88.588258785942
88.757987220447
88.718051118211
89.142372204473
89.352036741214
89.297124600639
89.851238019169
89.491813099042
47.648761980831
70.072883386581
78.060103833866
80.840654952077
83.341653354633
85.218650159744
85.453274760383
86.676317891374
86.756190095847
87.659744408946
87.764576677316
88.109025559105
88.628194888179
88.633186900958
88.792931309904
89.227236421725
89.292132587859
89.272164536741
89.486821086262
89.921126198083
48.532348242812
70.292531948882
76.747204472843
80.366413738019
82.982228434505
84.979033546326
85.662939297125
86.61142172524
87.005790734824
87.480031948882
87.639776357827
88.762979233227
88.029153354633
88.703075079872
88.887779552716
89.337060702875
89.127396166134
89.367012779553
89.461861022364
89.726437699681
47.908346645367
69.873202875399
79.318091054313
81.324880191693
82.712659744409
85.478234824281
85.04392971246
86.531549520767
87.345247603834
87.365215654952
87.584864217252
88.238817891374
88.598242811502
88.792931309904
88.887779552716
89.441892971246
89.042531948882
89.312100638978
89.481829073482
89.806309904153
47.663738019169
69.249201277955
77.755591054313
80.725838658147
83.671126198083
84.649560702875
85.59804313099
85.952476038339
86.621405750799
87.569888178914
87.744608626198
87.769568690096
88.528354632588
88.368610223642
88.867811501597
88.832867412141
89.17731629393
89.28714057508
89.486821086262
89.656549520767
43.725039936102
67.382188498403
76.707268370607
81.000399361022
83.975638977636
84.694488817891
84.659544728435
86.361821086262
86.925918530351
87.135583067093
88.05411341853
87.674720447284
88.887779552716
88.398562300319
88.857827476038
89.007587859425
89.342052715655
89.39197284345
89.681509584665
89.831269968051
46.615415335463
71.250998402556
77.550918530351
82.148562300319
83.396565495208
85.468250798722
86.037340255591
86.296924920128
87.969249201278
87.100638977636
88.049121405751
88.014177316294
88.533346645367
88.373602236422
88.902755591054
89.187300319489
89.39197284345
89.187300319489
89.651557507987
89.62160543131
51.392771565495
71.09624600639
76.842052715655
81.090255591054
83.161940894569
84.694488817891
85.882587859425
85.767771565495
86.476637380192
87.395167731629
87.549920127796
87.964257188498
88.268769968051
88.403554313099
88.583266773163
89.167332268371
89.167332268371
89.292132587859
89.486821086262
89.781349840256
47.938298722045
67.012779552716
77.331269968051
80.541134185304
82.298322683706
85.013977635783
86.127196485623
86.601437699681
86.666333865815
87.50499201278
87.649760383387
88.034145367412
88.628194888179
88.61821086262
88.987619808307
89.332068690096
89.386980830671
89.227236421725
89.406948881789
89.651557507987
45.552116613419
71.290934504792
77.580870607029
81.544528753994
83.601238019169
84.754392971246
85.897563897764
86.706269968051
86.975838658147
87.335263578275
88.223841853035
88.418530351438
88.782947284345
88.318690095847
89.112420127796
89.127396166134
89.317092651757
89.39197284345
89.646565495208
89.367012779553
51.013378594249
70.936501597444
77.181509584665
81.774161341853
83.002196485623
85.348442492013
85.892571884984
86.152156549521
86.736222044728
87.809504792332
87.664736421725
88.009185303514
88.428514376997
88.583266773163
88.852835463259
89.077476038339
89.312100638978
89.247204472843
89.561701277955
89.906150159744
46.031349840256
69.329073482428
75.464257188498
81.888977635783
83.042132587859
84.220247603834
85.857627795527
86.16214057508
87.355231629393
